#
# A fatal error has been detected by the Java Runtime Environment:
#
#  EXCEPTION_ACCESS_VIOLATION (0xc0000005) at pc=0x000001e3df2001d0, pid=45996, tid=14712
#
# JRE version: OpenJDK Runtime Environment Temurin-17.0.5+8 (17.0.5+8) (build 17.0.5+8)
# Java VM: OpenJDK 64-Bit Server VM Temurin-17.0.5+8 (17.0.5+8, mixed mode, sharing, tiered, compressed oops, compressed class ptrs, g1 gc, windows-amd64)
# Problematic frame:
# C  0x000001e3df2001d0
#
# No core dump will be written. Minidumps are not enabled by default on client versions of Windows
#
# If you would like to submit a bug report, please visit:
#   https://github.com/adoptium/adoptium-support/issues
# The crash happened outside the Java Virtual Machine in native code.
# See problematic frame for where to report the bug.
#

---------------  S U M M A R Y ------------

Command Line: -Dfile.encoding=windows-1252 -Duser.country=US -Duser.language=en -Duser.variant app.Launcher

Host: Intel(R) Core(TM) i7-8750H CPU @ 2.20GHz, 12 cores, 15G,  Windows 11 , 64 bit Build 23451 (10.0.23451.1000)
Time: Fri May 26 03:36:32 2023 Eastern Daylight Time elapsed time: 31.407419 seconds (0d 0h 0m 31s)

---------------  T H R E A D  ---------------

Current thread (0x000001e3bb966b20):  JavaThread "main" [_thread_in_native, id=14712, stack(0x000000cbfca00000,0x000000cbfcb00000)]

Stack: [0x000000cbfca00000,0x000000cbfcb00000],  sp=0x000000cbfcafdce8,  free space=1015k
Native frames: (J=compiled Java code, j=interpreted, Vv=VM code, C=native code)
C  0x000001e3df2001d0

Java frames: (J=compiled Java code, j=interpreted, Vv=VM code)
J 3222  org.lwjgl.system.JNI.invokeV(J)V (0 bytes) @ 0x000001e3cb0d5669 [0x000001e3cb0d5620+0x0000000000000049]
j  org.lwjgl.glfw.GLFW.glfwTerminate()V+5
j  com.badlogic.gdx.backends.lwjgl3.Lwjgl3Application.cleanup()V+38
j  com.badlogic.gdx.backends.lwjgl3.Lwjgl3Application.<init>(Lcom/badlogic/gdx/ApplicationListener;Lcom/badlogic/gdx/backends/lwjgl3/Lwjgl3ApplicationConfiguration;)V+312
j  app.Launcher.createApplication()Lcom/badlogic/gdx/backends/lwjgl3/Lwjgl3Application;+36
j  app.Launcher.main([Ljava/lang/String;)V+3
v  ~StubRoutines::call_stub

siginfo: EXCEPTION_ACCESS_VIOLATION (0xc0000005), writing address 0x0000000000000051


Register to memory mapping:

RIP=0x000001e3df2001d0 points into unknown readable memory: 0x000001e3df200000 | 00 00 20 df e3 01 00 00
RAX=0x0000000000000051 is an unknown value
RBX=0x00000000000003e0 is an unknown value
RCX=0x0000000000008246 is an unknown value
RDX=0x0000000000008250 is an unknown value
RSP=0x000000cbfcafdce8 is pointing into the stack for thread: 0x000001e3bb966b20
RBP=0x0000000000112200 is an unknown value
RSI=0x00007ff84b1cdff0 nvoglv64.dll
RDI=0x00007ff84b1ce010 nvoglv64.dll
R8 =0x0000000000020052 is an unknown value
R9 =0x0000000000009147 is an unknown value
R10=0x00007ff84b1cdff0 nvoglv64.dll
R11=0x000001e3df2001d0 points into unknown readable memory: 0x000001e3df200000 | 00 00 20 df e3 01 00 00
R12=0x00007ff84af1079c nvoglv64.dll
R13=0x00007ff84af10790 nvoglv64.dll
R14=0x0 is NULL
R15=0x00007ff84a2ef180 nvoglv64.dll


Registers:
RAX=0x0000000000000051, RBX=0x00000000000003e0, RCX=0x0000000000008246, RDX=0x0000000000008250
RSP=0x000000cbfcafdce8, RBP=0x0000000000112200, RSI=0x00007ff84b1cdff0, RDI=0x00007ff84b1ce010
R8 =0x0000000000020052, R9 =0x0000000000009147, R10=0x00007ff84b1cdff0, R11=0x000001e3df2001d0
R12=0x00007ff84af1079c, R13=0x00007ff84af10790, R14=0x0000000000000000, R15=0x00007ff84a2ef180
RIP=0x000001e3df2001d0, EFLAGS=0x0000000000010202

Top of Stack: (sp=0x000000cbfcafdce8)
0x000000cbfcafdce8:   00007ff8487fe035 0000000000000560
0x000000cbfcafdcf8:   00007ff847800000 0000000000112200
0x000000cbfcafdd08:   00007ff84b1ce010 0000000000000051
0x000000cbfcafdd18:   00007ff84b1cdff0 0000000000000000
0x000000cbfcafdd28:   0000000000000000 00007ff84af10798
0x000000cbfcafdd38:   00007ff84af10794 000001e3e51dbd98
0x000000cbfcafdd48:   0000000000000000 0000000000000000
0x000000cbfcafdd58:   000001e3e0aab720 000001e3e0cb5760
0x000000cbfcafdd68:   0000000000000000 000001e3e0cb56e0
0x000000cbfcafdd78:   00007ff8487fe0e5 000001e3e53f9868
0x000000cbfcafdd88:   0000000000112200 000001e3e0cb5c98
0x000000cbfcafdd98:   000000cbfcafddd0 0000000000000000
0x000000cbfcafdda8:   0000000000000000 0000000000000000
0x000000cbfcafddb8:   00007ff848bb111d 000001e3e53f9868
0x000000cbfcafddc8:   00007ff84a2ef180 0000000000000001
0x000000cbfcafddd8:   000000000000002a 0000000000000000 

Instructions: (pc=0x000001e3df2001d0)
0x000001e3df2000d0:   f3 0f 1e fa 4c 8d 15 f5 ff ff ff ff 25 07 00 00
0x000001e3df2000e0:   00 0f 1f 80 00 00 00 00 58 50 e9 69 f8 7f 00 00
0x000001e3df2000f0:   60 00 25 df e3 01 00 00 c0 12 e7 69 f8 7f 00 00
0x000001e3df200100:   18 dd 87 de e3 01 00 00 43 00 00 00 00 00 00 00
0x000001e3df200110:   f3 0f 1e fa 4c 8d 15 f5 ff ff ff ff 25 07 00 00
0x000001e3df200120:   00 0f 1f 80 00 00 00 00 58 50 e9 69 f8 7f 00 00
0x000001e3df200130:   80 00 25 df e3 01 00 00 c0 12 e7 69 f8 7f 00 00
0x000001e3df200140:   20 dd 87 de e3 01 00 00 43 00 00 00 00 00 00 00
0x000001e3df200150:   f3 0f 1e fa 4c 8d 15 f5 ff ff ff ff 25 07 00 00
0x000001e3df200160:   00 0f 1f 80 00 00 00 00 58 50 e9 69 f8 7f 00 00
0x000001e3df200170:   c0 00 25 df e3 01 00 00 c0 12 e7 69 f8 7f 00 00
0x000001e3df200180:   28 dd 87 de e3 01 00 00 43 00 00 00 00 00 00 00
0x000001e3df200190:   f3 0f 1e fa 4c 8d 15 f5 ff ff ff ff 25 07 00 00
0x000001e3df2001a0:   00 0f 1f 80 00 00 00 00 58 50 e9 69 f8 7f 00 00
0x000001e3df2001b0:   e0 00 25 df e3 01 00 00 c0 12 e7 69 f8 7f 00 00
0x000001e3df2001c0:   30 dd 87 de e3 01 00 00 41 00 00 00 00 00 00 00
0x000001e3df2001d0:   00 00 20 df e3 01 00 00 e0 fb ed 69 f8 7f 00 00
0x000001e3df2001e0:   00 0f 1f 80 00 00 00 00 58 50 e9 69 f8 7f 00 00
0x000001e3df2001f0:   00 01 25 df e3 01 00 00 c0 12 e7 69 f8 7f 00 00
0x000001e3df200200:   40 00 00 00 00 00 00 00 42 00 00 00 00 00 00 00
0x000001e3df200210:   f3 0f 1e fa 4c 8d 15 f5 ff ff ff ff 25 07 00 00
0x000001e3df200220:   00 0f 1f 80 00 00 00 00 58 50 e9 69 f8 7f 00 00
0x000001e3df200230:   20 01 25 df e3 01 00 00 c0 12 e7 69 f8 7f 00 00
0x000001e3df200240:   40 dd 87 de e3 01 00 00 43 00 00 00 00 00 00 00
0x000001e3df200250:   f3 0f 1e fa 4c 8d 15 f5 ff ff ff ff 25 07 00 00
0x000001e3df200260:   00 0f 1f 80 00 00 00 00 58 50 e9 69 f8 7f 00 00
0x000001e3df200270:   40 01 25 df e3 01 00 00 c0 12 e7 69 f8 7f 00 00
0x000001e3df200280:   48 dd 87 de e3 01 00 00 43 00 00 00 00 00 00 00
0x000001e3df200290:   f3 0f 1e fa 4c 8d 15 f5 ff ff ff ff 25 07 00 00
0x000001e3df2002a0:   00 0f 1f 80 00 00 00 00 58 50 e9 69 f8 7f 00 00
0x000001e3df2002b0:   80 01 25 df e3 01 00 00 c0 12 e7 69 f8 7f 00 00
0x000001e3df2002c0:   50 dd 87 de e3 01 00 00 43 00 00 00 00 00 00 00 


Stack slot to memory mapping:
stack at sp + 0 slots: 0x00007ff8487fe035 nvoglv64.dll
stack at sp + 1 slots: 0x0000000000000560 is an unknown value
stack at sp + 2 slots: 0x00007ff847800000 nvoglv64.dll
stack at sp + 3 slots: 0x0000000000112200 is an unknown value
stack at sp + 4 slots: 0x00007ff84b1ce010 nvoglv64.dll
stack at sp + 5 slots: 0x0000000000000051 is an unknown value
stack at sp + 6 slots: 0x00007ff84b1cdff0 nvoglv64.dll
stack at sp + 7 slots: 0x0 is NULL


---------------  P R O C E S S  ---------------

Threads class SMR info:
_java_thread_list=0x000001e3e09ac960, length=13, elements={
0x000001e3bb966b20, 0x000001e3de871e60, 0x000001e3de872a10, 0x000001e3de885ec0,
0x000001e3de88ce90, 0x000001e3de890860, 0x000001e3de8925a0, 0x000001e3de898fe0,
0x000001e3de89a2a0, 0x000001e3de8a2ca0, 0x000001e3de8920d0, 0x000001e3de891c00,
0x000001e3de893410
}

Java Threads: ( => current thread )
=>0x000001e3bb966b20 JavaThread "main" [_thread_in_native, id=14712, stack(0x000000cbfca00000,0x000000cbfcb00000)]
  0x000001e3de871e60 JavaThread "Reference Handler" daemon [_thread_blocked, id=21144, stack(0x000000cbfd100000,0x000000cbfd200000)]
  0x000001e3de872a10 JavaThread "Finalizer" daemon [_thread_blocked, id=34620, stack(0x000000cbfd200000,0x000000cbfd300000)]
  0x000001e3de885ec0 JavaThread "Signal Dispatcher" daemon [_thread_blocked, id=10828, stack(0x000000cbfd300000,0x000000cbfd400000)]
  0x000001e3de88ce90 JavaThread "Attach Listener" daemon [_thread_blocked, id=12580, stack(0x000000cbfd400000,0x000000cbfd500000)]
  0x000001e3de890860 JavaThread "Service Thread" daemon [_thread_blocked, id=42384, stack(0x000000cbfd500000,0x000000cbfd600000)]
  0x000001e3de8925a0 JavaThread "Monitor Deflation Thread" daemon [_thread_blocked, id=27268, stack(0x000000cbfd600000,0x000000cbfd700000)]
  0x000001e3de898fe0 JavaThread "C2 CompilerThread0" daemon [_thread_blocked, id=48168, stack(0x000000cbfd700000,0x000000cbfd800000)]
  0x000001e3de89a2a0 JavaThread "C1 CompilerThread0" daemon [_thread_blocked, id=46280, stack(0x000000cbfd800000,0x000000cbfd900000)]
  0x000001e3de8a2ca0 JavaThread "Sweeper thread" daemon [_thread_blocked, id=30072, stack(0x000000cbfd900000,0x000000cbfda00000)]
  0x000001e3de8920d0 JavaThread "Notification Thread" daemon [_thread_blocked, id=47852, stack(0x000000cbfda00000,0x000000cbfdb00000)]
  0x000001e3de891c00 JavaThread "Common-Cleaner" daemon [_thread_blocked, id=29636, stack(0x000000cbfdc00000,0x000000cbfdd00000)]
  0x000001e3de893410 JavaThread "Thread-0" daemon [_thread_in_native, id=40412, stack(0x000000cbfdd00000,0x000000cbfde00000)]

Other Threads:
  0x000001e3de86bfb0 VMThread "VM Thread" [stack: 0x000000cbfd000000,0x000000cbfd100000] [id=40660]
  0x000001e3bb9ebaf0 WatcherThread [stack: 0x000000cbfdb00000,0x000000cbfdc00000] [id=11372]
  0x000001e3bb9d3bf0 GCTaskThread "GC Thread#0" [stack: 0x000000cbfcb00000,0x000000cbfcc00000] [id=27324]
  0x000001e3e0f96d40 GCTaskThread "GC Thread#1" [stack: 0x000000cbfe600000,0x000000cbfe700000] [id=26824]
  0x000001e3e0fac5e0 GCTaskThread "GC Thread#2" [stack: 0x000000cbfe700000,0x000000cbfe800000] [id=12988]
  0x000001e3e0fac890 GCTaskThread "GC Thread#3" [stack: 0x000000cbfe800000,0x000000cbfe900000] [id=38712]
  0x000001e3e10eb290 GCTaskThread "GC Thread#4" [stack: 0x000000cbfe900000,0x000000cbfea00000] [id=36320]
  0x000001e3e0f94030 GCTaskThread "GC Thread#5" [stack: 0x000000cbfea00000,0x000000cbfeb00000] [id=24860]
  0x000001e3e10eb940 GCTaskThread "GC Thread#6" [stack: 0x000000cbfeb00000,0x000000cbfec00000] [id=29000]
  0x000001e3e1059ed0 GCTaskThread "GC Thread#7" [stack: 0x000000cbfec00000,0x000000cbfed00000] [id=33372]
  0x000001e3e105a180 GCTaskThread "GC Thread#8" [stack: 0x000000cbfed00000,0x000000cbfee00000] [id=28124]
  0x000001e3ee0b8ab0 GCTaskThread "GC Thread#9" [stack: 0x000000cbfef00000,0x000000cbff000000] [id=21228]
  0x000001e3bb9e4a60 ConcurrentGCThread "G1 Main Marker" [stack: 0x000000cbfcc00000,0x000000cbfcd00000] [id=24172]
  0x000001e3bb9e5470 ConcurrentGCThread "G1 Conc#0" [stack: 0x000000cbfcd00000,0x000000cbfce00000] [id=50260]
  0x000001e3de7a5160 ConcurrentGCThread "G1 Refine#0" [stack: 0x000000cbfce00000,0x000000cbfcf00000] [id=48996]
  0x000001e3de7a5a90 ConcurrentGCThread "G1 Service" [stack: 0x000000cbfcf00000,0x000000cbfd000000] [id=31488]

Threads with active compile tasks:

VM state: not at safepoint (normal execution)

VM Mutex/Monitor currently owned by a thread: None

Heap address: 0x0000000702200000, size: 4062 MB, Compressed Oops mode: Zero based, Oop shift amount: 3

CDS archive(s) mapped at: [0x0000000800000000-0x0000000800bc0000-0x0000000800bc0000), size 12320768, SharedBaseAddress: 0x0000000800000000, ArchiveRelocationMode: 0.
Compressed class space mapped at: 0x0000000800c00000-0x0000000840c00000, reserved size: 1073741824
Narrow klass base: 0x0000000800000000, Narrow klass shift: 0, Narrow klass range: 0x100000000

GC Precious Log:
 CPUs: 12 total, 12 available
 Memory: 16245M
 Large Page Support: Disabled
 NUMA Support: Disabled
 Compressed Oops: Enabled (Zero based)
 Heap Region Size: 2M
 Heap Min Capacity: 8M
 Heap Initial Capacity: 254M
 Heap Max Capacity: 4062M
 Pre-touch: Disabled
 Parallel Workers: 10
 Concurrent Workers: 3
 Concurrent Refinement Workers: 10
 Periodic GC: Disabled

Heap:
 garbage-first heap   total 260096K, used 17934K [0x0000000702200000, 0x0000000800000000)
  region size 2048K, 5 young (10240K), 4 survivors (8192K)
 Metaspace       used 15628K, committed 15872K, reserved 1064960K
  class space    used 1310K, committed 1408K, reserved 1048576K

Heap Regions: E=young(eden), S=young(survivor), O=old, HS=humongous(starts), HC=humongous(continues), CS=collection set, F=free, OA=open archive, CA=closed archive, TAMS=top-at-mark-start (previous, next)
|   0|0x0000000702200000, 0x0000000702400000, 0x0000000702400000|100%| O|  |TAMS 0x0000000702200000, 0x0000000702400000| Untracked 
|   1|0x0000000702400000, 0x0000000702583800, 0x0000000702600000| 75%| O|  |TAMS 0x0000000702400000, 0x0000000702583800| Untracked 
|   2|0x0000000702600000, 0x0000000702800000, 0x0000000702800000|100%|HS|  |TAMS 0x0000000702600000, 0x0000000702600000| Complete 
|   3|0x0000000702800000, 0x0000000702a00000, 0x0000000702a00000|100%|HC|  |TAMS 0x0000000702800000, 0x0000000702800000| Complete 
|   4|0x0000000702a00000, 0x0000000702c00000, 0x0000000702c00000|100%|HC|  |TAMS 0x0000000702a00000, 0x0000000702a00000| Complete 
|   5|0x0000000702c00000, 0x0000000702c00000, 0x0000000702e00000|  0%| F|  |TAMS 0x0000000702c00000, 0x0000000702c00000| Untracked 
|   6|0x0000000702e00000, 0x0000000702e00000, 0x0000000703000000|  0%| F|  |TAMS 0x0000000702e00000, 0x0000000702e00000| Untracked 
|   7|0x0000000703000000, 0x0000000703000000, 0x0000000703200000|  0%| F|  |TAMS 0x0000000703000000, 0x0000000703000000| Untracked 
|   8|0x0000000703200000, 0x0000000703200000, 0x0000000703400000|  0%| F|  |TAMS 0x0000000703200000, 0x0000000703200000| Untracked 
|   9|0x0000000703400000, 0x0000000703400000, 0x0000000703600000|  0%| F|  |TAMS 0x0000000703400000, 0x0000000703400000| Untracked 
|  10|0x0000000703600000, 0x0000000703600000, 0x0000000703800000|  0%| F|  |TAMS 0x0000000703600000, 0x0000000703600000| Untracked 
|  11|0x0000000703800000, 0x0000000703800000, 0x0000000703a00000|  0%| F|  |TAMS 0x0000000703800000, 0x0000000703800000| Untracked 
|  12|0x0000000703a00000, 0x0000000703a00000, 0x0000000703c00000|  0%| F|  |TAMS 0x0000000703a00000, 0x0000000703a00000| Untracked 
|  13|0x0000000703c00000, 0x0000000703c00000, 0x0000000703e00000|  0%| F|  |TAMS 0x0000000703c00000, 0x0000000703c00000| Untracked 
|  14|0x0000000703e00000, 0x0000000703e00000, 0x0000000704000000|  0%| F|  |TAMS 0x0000000703e00000, 0x0000000703e00000| Untracked 
|  15|0x0000000704000000, 0x0000000704000000, 0x0000000704200000|  0%| F|  |TAMS 0x0000000704000000, 0x0000000704000000| Untracked 
|  16|0x0000000704200000, 0x0000000704200000, 0x0000000704400000|  0%| F|  |TAMS 0x0000000704200000, 0x0000000704200000| Untracked 
|  17|0x0000000704400000, 0x0000000704400000, 0x0000000704600000|  0%| F|  |TAMS 0x0000000704400000, 0x0000000704400000| Untracked 
|  18|0x0000000704600000, 0x0000000704600000, 0x0000000704800000|  0%| F|  |TAMS 0x0000000704600000, 0x0000000704600000| Untracked 
|  19|0x0000000704800000, 0x0000000704800000, 0x0000000704a00000|  0%| F|  |TAMS 0x0000000704800000, 0x0000000704800000| Untracked 
|  20|0x0000000704a00000, 0x0000000704a00000, 0x0000000704c00000|  0%| F|  |TAMS 0x0000000704a00000, 0x0000000704a00000| Untracked 
|  21|0x0000000704c00000, 0x0000000704c00000, 0x0000000704e00000|  0%| F|  |TAMS 0x0000000704c00000, 0x0000000704c00000| Untracked 
|  22|0x0000000704e00000, 0x0000000704e00000, 0x0000000705000000|  0%| F|  |TAMS 0x0000000704e00000, 0x0000000704e00000| Untracked 
|  23|0x0000000705000000, 0x0000000705000000, 0x0000000705200000|  0%| F|  |TAMS 0x0000000705000000, 0x0000000705000000| Untracked 
|  24|0x0000000705200000, 0x0000000705200000, 0x0000000705400000|  0%| F|  |TAMS 0x0000000705200000, 0x0000000705200000| Untracked 
|  25|0x0000000705400000, 0x0000000705400000, 0x0000000705600000|  0%| F|  |TAMS 0x0000000705400000, 0x0000000705400000| Untracked 
|  26|0x0000000705600000, 0x0000000705600000, 0x0000000705800000|  0%| F|  |TAMS 0x0000000705600000, 0x0000000705600000| Untracked 
|  27|0x0000000705800000, 0x0000000705800000, 0x0000000705a00000|  0%| F|  |TAMS 0x0000000705800000, 0x0000000705800000| Untracked 
|  28|0x0000000705a00000, 0x0000000705a00000, 0x0000000705c00000|  0%| F|  |TAMS 0x0000000705a00000, 0x0000000705a00000| Untracked 
|  29|0x0000000705c00000, 0x0000000705c00000, 0x0000000705e00000|  0%| F|  |TAMS 0x0000000705c00000, 0x0000000705c00000| Untracked 
|  30|0x0000000705e00000, 0x0000000705e00000, 0x0000000706000000|  0%| F|  |TAMS 0x0000000705e00000, 0x0000000705e00000| Untracked 
|  31|0x0000000706000000, 0x0000000706000000, 0x0000000706200000|  0%| F|  |TAMS 0x0000000706000000, 0x0000000706000000| Untracked 
|  32|0x0000000706200000, 0x0000000706200000, 0x0000000706400000|  0%| F|  |TAMS 0x0000000706200000, 0x0000000706200000| Untracked 
|  33|0x0000000706400000, 0x0000000706400000, 0x0000000706600000|  0%| F|  |TAMS 0x0000000706400000, 0x0000000706400000| Untracked 
|  34|0x0000000706600000, 0x0000000706600000, 0x0000000706800000|  0%| F|  |TAMS 0x0000000706600000, 0x0000000706600000| Untracked 
|  35|0x0000000706800000, 0x0000000706800000, 0x0000000706a00000|  0%| F|  |TAMS 0x0000000706800000, 0x0000000706800000| Untracked 
|  36|0x0000000706a00000, 0x0000000706a00000, 0x0000000706c00000|  0%| F|  |TAMS 0x0000000706a00000, 0x0000000706a00000| Untracked 
|  37|0x0000000706c00000, 0x0000000706c00000, 0x0000000706e00000|  0%| F|  |TAMS 0x0000000706c00000, 0x0000000706c00000| Untracked 
|  38|0x0000000706e00000, 0x0000000706e00000, 0x0000000707000000|  0%| F|  |TAMS 0x0000000706e00000, 0x0000000706e00000| Untracked 
|  39|0x0000000707000000, 0x0000000707000000, 0x0000000707200000|  0%| F|  |TAMS 0x0000000707000000, 0x0000000707000000| Untracked 
|  40|0x0000000707200000, 0x0000000707200000, 0x0000000707400000|  0%| F|  |TAMS 0x0000000707200000, 0x0000000707200000| Untracked 
|  41|0x0000000707400000, 0x0000000707400000, 0x0000000707600000|  0%| F|  |TAMS 0x0000000707400000, 0x0000000707400000| Untracked 
|  42|0x0000000707600000, 0x0000000707600000, 0x0000000707800000|  0%| F|  |TAMS 0x0000000707600000, 0x0000000707600000| Untracked 
|  43|0x0000000707800000, 0x0000000707800000, 0x0000000707a00000|  0%| F|  |TAMS 0x0000000707800000, 0x0000000707800000| Untracked 
|  44|0x0000000707a00000, 0x0000000707a00000, 0x0000000707c00000|  0%| F|  |TAMS 0x0000000707a00000, 0x0000000707a00000| Untracked 
|  45|0x0000000707c00000, 0x0000000707c00000, 0x0000000707e00000|  0%| F|  |TAMS 0x0000000707c00000, 0x0000000707c00000| Untracked 
|  46|0x0000000707e00000, 0x0000000707e00000, 0x0000000708000000|  0%| F|  |TAMS 0x0000000707e00000, 0x0000000707e00000| Untracked 
|  47|0x0000000708000000, 0x0000000708000000, 0x0000000708200000|  0%| F|  |TAMS 0x0000000708000000, 0x0000000708000000| Untracked 
|  48|0x0000000708200000, 0x0000000708200000, 0x0000000708400000|  0%| F|  |TAMS 0x0000000708200000, 0x0000000708200000| Untracked 
|  49|0x0000000708400000, 0x0000000708400000, 0x0000000708600000|  0%| F|  |TAMS 0x0000000708400000, 0x0000000708400000| Untracked 
|  50|0x0000000708600000, 0x0000000708600000, 0x0000000708800000|  0%| F|  |TAMS 0x0000000708600000, 0x0000000708600000| Untracked 
|  51|0x0000000708800000, 0x0000000708800000, 0x0000000708a00000|  0%| F|  |TAMS 0x0000000708800000, 0x0000000708800000| Untracked 
|  52|0x0000000708a00000, 0x0000000708a00000, 0x0000000708c00000|  0%| F|  |TAMS 0x0000000708a00000, 0x0000000708a00000| Untracked 
|  53|0x0000000708c00000, 0x0000000708c00000, 0x0000000708e00000|  0%| F|  |TAMS 0x0000000708c00000, 0x0000000708c00000| Untracked 
|  54|0x0000000708e00000, 0x0000000708e00000, 0x0000000709000000|  0%| F|  |TAMS 0x0000000708e00000, 0x0000000708e00000| Untracked 
|  55|0x0000000709000000, 0x0000000709000000, 0x0000000709200000|  0%| F|  |TAMS 0x0000000709000000, 0x0000000709000000| Untracked 
|  56|0x0000000709200000, 0x0000000709200000, 0x0000000709400000|  0%| F|  |TAMS 0x0000000709200000, 0x0000000709200000| Untracked 
|  57|0x0000000709400000, 0x0000000709400000, 0x0000000709600000|  0%| F|  |TAMS 0x0000000709400000, 0x0000000709400000| Untracked 
|  58|0x0000000709600000, 0x0000000709600000, 0x0000000709800000|  0%| F|  |TAMS 0x0000000709600000, 0x0000000709600000| Untracked 
|  59|0x0000000709800000, 0x0000000709800000, 0x0000000709a00000|  0%| F|  |TAMS 0x0000000709800000, 0x0000000709800000| Untracked 
|  60|0x0000000709a00000, 0x0000000709a00000, 0x0000000709c00000|  0%| F|  |TAMS 0x0000000709a00000, 0x0000000709a00000| Untracked 
|  61|0x0000000709c00000, 0x0000000709c00000, 0x0000000709e00000|  0%| F|  |TAMS 0x0000000709c00000, 0x0000000709c00000| Untracked 
|  62|0x0000000709e00000, 0x0000000709e00000, 0x000000070a000000|  0%| F|  |TAMS 0x0000000709e00000, 0x0000000709e00000| Untracked 
|  63|0x000000070a000000, 0x000000070a000000, 0x000000070a200000|  0%| F|  |TAMS 0x000000070a000000, 0x000000070a000000| Untracked 
|  64|0x000000070a200000, 0x000000070a200000, 0x000000070a400000|  0%| F|  |TAMS 0x000000070a200000, 0x000000070a200000| Untracked 
|  65|0x000000070a400000, 0x000000070a400000, 0x000000070a600000|  0%| F|  |TAMS 0x000000070a400000, 0x000000070a400000| Untracked 
|  66|0x000000070a600000, 0x000000070a600000, 0x000000070a800000|  0%| F|  |TAMS 0x000000070a600000, 0x000000070a600000| Untracked 
|  67|0x000000070a800000, 0x000000070a800000, 0x000000070aa00000|  0%| F|  |TAMS 0x000000070a800000, 0x000000070a800000| Untracked 
|  68|0x000000070aa00000, 0x000000070aa00000, 0x000000070ac00000|  0%| F|  |TAMS 0x000000070aa00000, 0x000000070aa00000| Untracked 
|  69|0x000000070ac00000, 0x000000070ac00000, 0x000000070ae00000|  0%| F|  |TAMS 0x000000070ac00000, 0x000000070ac00000| Untracked 
|  70|0x000000070ae00000, 0x000000070ae00000, 0x000000070b000000|  0%| F|  |TAMS 0x000000070ae00000, 0x000000070ae00000| Untracked 
|  71|0x000000070b000000, 0x000000070b000000, 0x000000070b200000|  0%| F|  |TAMS 0x000000070b000000, 0x000000070b000000| Untracked 
|  72|0x000000070b200000, 0x000000070b200000, 0x000000070b400000|  0%| F|  |TAMS 0x000000070b200000, 0x000000070b200000| Untracked 
|  73|0x000000070b400000, 0x000000070b400000, 0x000000070b600000|  0%| F|  |TAMS 0x000000070b400000, 0x000000070b400000| Untracked 
|  74|0x000000070b600000, 0x000000070b600000, 0x000000070b800000|  0%| F|  |TAMS 0x000000070b600000, 0x000000070b600000| Untracked 
|  75|0x000000070b800000, 0x000000070b800000, 0x000000070ba00000|  0%| F|  |TAMS 0x000000070b800000, 0x000000070b800000| Untracked 
|  76|0x000000070ba00000, 0x000000070ba00000, 0x000000070bc00000|  0%| F|  |TAMS 0x000000070ba00000, 0x000000070ba00000| Untracked 
|  77|0x000000070bc00000, 0x000000070bc00000, 0x000000070be00000|  0%| F|  |TAMS 0x000000070bc00000, 0x000000070bc00000| Untracked 
|  78|0x000000070be00000, 0x000000070be00000, 0x000000070c000000|  0%| F|  |TAMS 0x000000070be00000, 0x000000070be00000| Untracked 
|  79|0x000000070c000000, 0x000000070c000000, 0x000000070c200000|  0%| F|  |TAMS 0x000000070c000000, 0x000000070c000000| Untracked 
|  80|0x000000070c200000, 0x000000070c200000, 0x000000070c400000|  0%| F|  |TAMS 0x000000070c200000, 0x000000070c200000| Untracked 
|  81|0x000000070c400000, 0x000000070c400000, 0x000000070c600000|  0%| F|  |TAMS 0x000000070c400000, 0x000000070c400000| Untracked 
|  82|0x000000070c600000, 0x000000070c600000, 0x000000070c800000|  0%| F|  |TAMS 0x000000070c600000, 0x000000070c600000| Untracked 
|  83|0x000000070c800000, 0x000000070c800000, 0x000000070ca00000|  0%| F|  |TAMS 0x000000070c800000, 0x000000070c800000| Untracked 
|  84|0x000000070ca00000, 0x000000070ca00000, 0x000000070cc00000|  0%| F|  |TAMS 0x000000070ca00000, 0x000000070ca00000| Untracked 
|  85|0x000000070cc00000, 0x000000070cc00000, 0x000000070ce00000|  0%| F|  |TAMS 0x000000070cc00000, 0x000000070cc00000| Untracked 
|  86|0x000000070ce00000, 0x000000070ce00000, 0x000000070d000000|  0%| F|  |TAMS 0x000000070ce00000, 0x000000070ce00000| Untracked 
|  87|0x000000070d000000, 0x000000070d000000, 0x000000070d200000|  0%| F|  |TAMS 0x000000070d000000, 0x000000070d000000| Untracked 
|  88|0x000000070d200000, 0x000000070d200000, 0x000000070d400000|  0%| F|  |TAMS 0x000000070d200000, 0x000000070d200000| Untracked 
|  89|0x000000070d400000, 0x000000070d400000, 0x000000070d600000|  0%| F|  |TAMS 0x000000070d400000, 0x000000070d400000| Untracked 
|  90|0x000000070d600000, 0x000000070d600000, 0x000000070d800000|  0%| F|  |TAMS 0x000000070d600000, 0x000000070d600000| Untracked 
|  91|0x000000070d800000, 0x000000070d800000, 0x000000070da00000|  0%| F|  |TAMS 0x000000070d800000, 0x000000070d800000| Untracked 
|  92|0x000000070da00000, 0x000000070da00000, 0x000000070dc00000|  0%| F|  |TAMS 0x000000070da00000, 0x000000070da00000| Untracked 
|  93|0x000000070dc00000, 0x000000070dc00000, 0x000000070de00000|  0%| F|  |TAMS 0x000000070dc00000, 0x000000070dc00000| Untracked 
|  94|0x000000070de00000, 0x000000070de00000, 0x000000070e000000|  0%| F|  |TAMS 0x000000070de00000, 0x000000070de00000| Untracked 
|  95|0x000000070e000000, 0x000000070e000000, 0x000000070e200000|  0%| F|  |TAMS 0x000000070e000000, 0x000000070e000000| Untracked 
|  96|0x000000070e200000, 0x000000070e200000, 0x000000070e400000|  0%| F|  |TAMS 0x000000070e200000, 0x000000070e200000| Untracked 
|  97|0x000000070e400000, 0x000000070e400000, 0x000000070e600000|  0%| F|  |TAMS 0x000000070e400000, 0x000000070e400000| Untracked 
|  98|0x000000070e600000, 0x000000070e600000, 0x000000070e800000|  0%| F|  |TAMS 0x000000070e600000, 0x000000070e600000| Untracked 
|  99|0x000000070e800000, 0x000000070e800000, 0x000000070ea00000|  0%| F|  |TAMS 0x000000070e800000, 0x000000070e800000| Untracked 
| 100|0x000000070ea00000, 0x000000070ea00000, 0x000000070ec00000|  0%| F|  |TAMS 0x000000070ea00000, 0x000000070ea00000| Untracked 
| 101|0x000000070ec00000, 0x000000070ec00000, 0x000000070ee00000|  0%| F|  |TAMS 0x000000070ec00000, 0x000000070ec00000| Untracked 
| 102|0x000000070ee00000, 0x000000070ee00000, 0x000000070f000000|  0%| F|  |TAMS 0x000000070ee00000, 0x000000070ee00000| Untracked 
| 103|0x000000070f000000, 0x000000070f000000, 0x000000070f200000|  0%| F|  |TAMS 0x000000070f000000, 0x000000070f000000| Untracked 
| 104|0x000000070f200000, 0x000000070f200000, 0x000000070f400000|  0%| F|  |TAMS 0x000000070f200000, 0x000000070f200000| Untracked 
| 105|0x000000070f400000, 0x000000070f400000, 0x000000070f600000|  0%| F|  |TAMS 0x000000070f400000, 0x000000070f400000| Untracked 
| 106|0x000000070f600000, 0x000000070f600000, 0x000000070f800000|  0%| F|  |TAMS 0x000000070f600000, 0x000000070f600000| Untracked 
| 107|0x000000070f800000, 0x000000070f800000, 0x000000070fa00000|  0%| F|  |TAMS 0x000000070f800000, 0x000000070f800000| Untracked 
| 108|0x000000070fa00000, 0x000000070fa00000, 0x000000070fc00000|  0%| F|  |TAMS 0x000000070fa00000, 0x000000070fa00000| Untracked 
| 109|0x000000070fc00000, 0x000000070fc00000, 0x000000070fe00000|  0%| F|  |TAMS 0x000000070fc00000, 0x000000070fc00000| Untracked 
| 110|0x000000070fe00000, 0x000000070fe00000, 0x0000000710000000|  0%| F|  |TAMS 0x000000070fe00000, 0x000000070fe00000| Untracked 
| 111|0x0000000710000000, 0x0000000710000000, 0x0000000710200000|  0%| F|  |TAMS 0x0000000710000000, 0x0000000710000000| Untracked 
| 112|0x0000000710200000, 0x0000000710200000, 0x0000000710400000|  0%| F|  |TAMS 0x0000000710200000, 0x0000000710200000| Untracked 
| 113|0x0000000710400000, 0x0000000710600000, 0x0000000710600000|100%| S|CS|TAMS 0x0000000710400000, 0x0000000710400000| Complete 
| 114|0x0000000710600000, 0x0000000710800000, 0x0000000710800000|100%| S|CS|TAMS 0x0000000710600000, 0x0000000710600000| Complete 
| 115|0x0000000710800000, 0x0000000710a00000, 0x0000000710a00000|100%| S|CS|TAMS 0x0000000710800000, 0x0000000710800000| Complete 
| 116|0x0000000710a00000, 0x0000000710c00000, 0x0000000710c00000|100%| S|CS|TAMS 0x0000000710a00000, 0x0000000710a00000| Complete 
| 117|0x0000000710c00000, 0x0000000710c00000, 0x0000000710e00000|  0%| F|  |TAMS 0x0000000710c00000, 0x0000000710c00000| Untracked 
| 118|0x0000000710e00000, 0x0000000710e00000, 0x0000000711000000|  0%| F|  |TAMS 0x0000000710e00000, 0x0000000710e00000| Untracked 
| 119|0x0000000711000000, 0x0000000711000000, 0x0000000711200000|  0%| F|  |TAMS 0x0000000711000000, 0x0000000711000000| Untracked 
| 120|0x0000000711200000, 0x0000000711200000, 0x0000000711400000|  0%| F|  |TAMS 0x0000000711200000, 0x0000000711200000| Untracked 
| 121|0x0000000711400000, 0x0000000711400000, 0x0000000711600000|  0%| F|  |TAMS 0x0000000711400000, 0x0000000711400000| Untracked 
| 122|0x0000000711600000, 0x0000000711600000, 0x0000000711800000|  0%| F|  |TAMS 0x0000000711600000, 0x0000000711600000| Untracked 
| 123|0x0000000711800000, 0x0000000711800000, 0x0000000711a00000|  0%| F|  |TAMS 0x0000000711800000, 0x0000000711800000| Untracked 
| 124|0x0000000711a00000, 0x0000000711a00000, 0x0000000711c00000|  0%| F|  |TAMS 0x0000000711a00000, 0x0000000711a00000| Untracked 
| 125|0x0000000711c00000, 0x0000000711c00000, 0x0000000711e00000|  0%| F|  |TAMS 0x0000000711c00000, 0x0000000711c00000| Untracked 
| 126|0x0000000711e00000, 0x0000000711f00000, 0x0000000712000000| 50%| E|  |TAMS 0x0000000711e00000, 0x0000000711e00000| Complete 

Card table byte_map: [0x000001e3d3180000,0x000001e3d3970000] _byte_map_base: 0x000001e3cf96f000

Marking Bits (Prev, Next): (CMBitMap*) 0x000001e3bb9d4200, (CMBitMap*) 0x000001e3bb9d4240
 Prev Bits: [0x000001e3d4160000, 0x000001e3d80d8000)
 Next Bits: [0x000001e3d80e0000, 0x000001e3dc058000)

Polling page: 0x000001e3bb110000

Metaspace:

Usage:
  Non-class:     13.98 MB used.
      Class:      1.28 MB used.
       Both:     15.26 MB used.

Virtual space:
  Non-class space:       16.00 MB reserved,      14.12 MB ( 88%) committed,  2 nodes.
      Class space:        1.00 GB reserved,       1.38 MB ( <1%) committed,  1 nodes.
             Both:        1.02 GB reserved,      15.50 MB (  1%) committed. 

Chunk freelists:
   Non-Class:  848.00 KB
       Class:  2.62 MB
        Both:  3.45 MB

MaxMetaspaceSize: unlimited
CompressedClassSpaceSize: 1.00 GB
Initial GC threshold: 21.00 MB
Current GC threshold: 21.00 MB
CDS: on
MetaspaceReclaimPolicy: balanced
 - commit_granule_bytes: 65536.
 - commit_granule_words: 8192.
 - virtual_space_node_default_size: 1048576.
 - enlarge_chunks_in_place: 1.
 - new_chunks_are_fully_committed: 0.
 - uncommit_free_chunks: 1.
 - use_allocation_guard: 0.
 - handle_deallocations: 1.


Internal statistics:

num_allocs_failed_limit: 0.
num_arena_births: 248.
num_arena_deaths: 0.
num_vsnodes_births: 3.
num_vsnodes_deaths: 0.
num_space_committed: 246.
num_space_uncommitted: 0.
num_chunks_returned_to_freelist: 0.
num_chunks_taken_from_freelist: 740.
num_chunk_merges: 0.
num_chunk_splits: 550.
num_chunks_enlarged: 446.
num_purges: 0.
num_inconsistent_stats: 0.

CodeHeap 'non-profiled nmethods': size=120000Kb used=3333Kb max_used=3333Kb free=116666Kb
 bounds [0x000001e3caf00000, 0x000001e3cb250000, 0x000001e3d2430000]
CodeHeap 'profiled nmethods': size=120000Kb used=5077Kb max_used=7382Kb free=114922Kb
 bounds [0x000001e3c39d0000, 0x000001e3c4110000, 0x000001e3caf00000]
CodeHeap 'non-nmethods': size=5760Kb used=1965Kb max_used=2026Kb free=3795Kb
 bounds [0x000001e3c3430000, 0x000001e3c36a0000, 0x000001e3c39d0000]
 total_blobs=4683 nmethods=3181 adapters=1414
 compilation: enabled
              stopped_count=0, restarted_count=0
 full_count=0

Compilation events (20 events):
Event: 30.580 Thread 0x000001e3de898fe0 4034       4       com.badlogic.gdx.utils.ObjectSet::locateKey (63 bytes)
Event: 30.584 Thread 0x000001e3de898fe0 nmethod 4034 0x000001e3cb23dd10 code [0x000001e3cb23dea0, 0x000001e3cb23e098]
Event: 30.681 Thread 0x000001e3de898fe0 4035       4       com.badlogic.gdx.scenes.scene2d.ui.Button::getBackgroundDrawable (232 bytes)
Event: 30.687 Thread 0x000001e3de898fe0 nmethod 4035 0x000001e3cb23e290 code [0x000001e3cb23e420, 0x000001e3cb23e6f8]
Event: 30.715 Thread 0x000001e3de898fe0 4036       4       com.badlogic.gdx.scenes.scene2d.ui.Button::draw (258 bytes)
Event: 30.760 Thread 0x000001e3de898fe0 nmethod 4036 0x000001e3cb23ea10 code [0x000001e3cb23ecc0, 0x000001e3cb240130]
Event: 31.009 Thread 0x000001e3de89a2a0 4037       3       java.nio.DirectByteBuffer::<init> (25 bytes)
Event: 31.010 Thread 0x000001e3de89a2a0 nmethod 4037 0x000001e3c3f8ea10 code [0x000001e3c3f8ebc0, 0x000001e3c3f8ed88]
Event: 31.011 Thread 0x000001e3de89a2a0 4038       3       com.badlogic.gdx.scenes.scene2d.ui.Label$LabelStyle::<init> (15 bytes)
Event: 31.011 Thread 0x000001e3de89a2a0 nmethod 4038 0x000001e3c3ebd510 code [0x000001e3c3ebd6c0, 0x000001e3c3ebd8f8]
Event: 31.030 Thread 0x000001e3de89a2a0 4039 %     3       scene.picking.BasePicker::getFrameBufferPixmap @ 103 (176 bytes)
Event: 31.031 Thread 0x000001e3de89a2a0 nmethod 4039% 0x000001e3c3f76210 code [0x000001e3c3f764a0, 0x000001e3c3f774f8]
Event: 31.044 Thread 0x000001e3de89a2a0 4040       3       scene.picking.BasePicker::getFrameBufferPixmap (176 bytes)
Event: 31.045 Thread 0x000001e3de89a2a0 nmethod 4040 0x000001e3c3a10290 code [0x000001e3c3a10520, 0x000001e3c3a11578]
Event: 31.046 Thread 0x000001e3de898fe0 4041       4       java.lang.CharacterDataLatin1::toUpperCaseEx (71 bytes)
Event: 31.047 Thread 0x000001e3de898fe0 nmethod 4041 0x000001e3cb240f90 code [0x000001e3cb241100, 0x000001e3cb2411f8]
Event: 31.048 Thread 0x000001e3de89a2a0 4042       3       com.badlogic.gdx.graphics.profiling.GL30Interceptor::glVertexAttribPointer (33 bytes)
Event: 31.048 Thread 0x000001e3de89a2a0 nmethod 4042 0x000001e3c3f9b490 code [0x000001e3c3f9b640, 0x000001e3c3f9b878]
Event: 31.353 Thread 0x000001e3de898fe0 4043       4       java.util.concurrent.atomic.AtomicLong::addAndGet (14 bytes)
Event: 31.354 Thread 0x000001e3de898fe0 nmethod 4043 0x000001e3cb241310 code [0x000001e3cb241480, 0x000001e3cb241518]

GC Heap History (14 events):
Event: 2.935 GC heap before
{Heap before GC invocations=0 (full 0):
 garbage-first heap   total 260096K, used 22528K [0x0000000702200000, 0x0000000800000000)
  region size 2048K, 11 young (22528K), 0 survivors (0K)
 Metaspace       used 7064K, committed 7296K, reserved 1064960K
  class space    used 502K, committed 640K, reserved 1048576K
}
Event: 2.947 GC heap after
{Heap after GC invocations=1 (full 0):
 garbage-first heap   total 260096K, used 3871K [0x0000000702200000, 0x0000000800000000)
  region size 2048K, 2 young (4096K), 2 survivors (4096K)
 Metaspace       used 7064K, committed 7296K, reserved 1064960K
  class space    used 502K, committed 640K, reserved 1048576K
}
Event: 4.814 GC heap before
{Heap before GC invocations=1 (full 0):
 garbage-first heap   total 260096K, used 30495K [0x0000000702200000, 0x0000000800000000)
  region size 2048K, 16 young (32768K), 2 survivors (4096K)
 Metaspace       used 10518K, committed 10752K, reserved 1064960K
  class space    used 848K, committed 960K, reserved 1048576K
}
Event: 4.820 GC heap after
{Heap after GC invocations=2 (full 0):
 garbage-first heap   total 260096K, used 5558K [0x0000000702200000, 0x0000000800000000)
  region size 2048K, 1 young (2048K), 1 survivors (2048K)
 Metaspace       used 10518K, committed 10752K, reserved 1064960K
  class space    used 848K, committed 960K, reserved 1048576K
}
Event: 13.666 GC heap before
{Heap before GC invocations=2 (full 0):
 garbage-first heap   total 260096K, used 232886K [0x0000000702200000, 0x0000000800000000)
  region size 2048K, 68 young (139264K), 1 survivors (2048K)
 Metaspace       used 15536K, committed 15744K, reserved 1064960K
  class space    used 1308K, committed 1408K, reserved 1048576K
}
Event: 13.674 GC heap after
{Heap after GC invocations=3 (full 0):
 garbage-first heap   total 260096K, used 10487K [0x0000000702200000, 0x0000000800000000)
  region size 2048K, 4 young (8192K), 4 survivors (8192K)
 Metaspace       used 15536K, committed 15744K, reserved 1064960K
  class space    used 1308K, committed 1408K, reserved 1048576K
}
Event: 22.049 GC heap before
{Heap before GC invocations=3 (full 0):
 garbage-first heap   total 260096K, used 229623K [0x0000000702200000, 0x0000000800000000)
  region size 2048K, 58 young (118784K), 4 survivors (8192K)
 Metaspace       used 15559K, committed 15744K, reserved 1064960K
  class space    used 1308K, committed 1408K, reserved 1048576K
}
Event: 22.055 GC heap after
{Heap after GC invocations=4 (full 0):
 garbage-first heap   total 260096K, used 10921K [0x0000000702200000, 0x0000000800000000)
  region size 2048K, 4 young (8192K), 4 survivors (8192K)
 Metaspace       used 15559K, committed 15744K, reserved 1064960K
  class space    used 1308K, committed 1408K, reserved 1048576K
}
Event: 25.127 GC heap before
{Heap before GC invocations=4 (full 0):
 garbage-first heap   total 260096K, used 156329K [0x0000000702200000, 0x0000000800000000)
  region size 2048K, 22 young (45056K), 4 survivors (8192K)
 Metaspace       used 15573K, committed 15808K, reserved 1064960K
  class space    used 1308K, committed 1408K, reserved 1048576K
}
Event: 25.131 GC heap after
{Heap after GC invocations=5 (full 0):
 garbage-first heap   total 260096K, used 11137K [0x0000000702200000, 0x0000000800000000)
  region size 2048K, 4 young (8192K), 4 survivors (8192K)
 Metaspace       used 15573K, committed 15808K, reserved 1064960K
  class space    used 1308K, committed 1408K, reserved 1048576K
}
Event: 29.836 GC heap before
{Heap before GC invocations=5 (full 0):
 garbage-first heap   total 260096K, used 189313K [0x0000000702200000, 0x0000000800000000)
  region size 2048K, 38 young (77824K), 4 survivors (8192K)
 Metaspace       used 15600K, committed 15872K, reserved 1064960K
  class space    used 1309K, committed 1408K, reserved 1048576K
}
Event: 29.840 GC heap after
{Heap after GC invocations=6 (full 0):
 garbage-first heap   total 260096K, used 11435K [0x0000000702200000, 0x0000000800000000)
  region size 2048K, 4 young (8192K), 4 survivors (8192K)
 Metaspace       used 15600K, committed 15872K, reserved 1064960K
  class space    used 1309K, committed 1408K, reserved 1048576K
}
Event: 31.337 GC heap before
{Heap before GC invocations=6 (full 0):
 garbage-first heap   total 260096K, used 140459K [0x0000000702200000, 0x0000000800000000)
  region size 2048K, 14 young (28672K), 4 survivors (8192K)
 Metaspace       used 15619K, committed 15872K, reserved 1064960K
  class space    used 1309K, committed 1408K, reserved 1048576K
}
Event: 31.344 GC heap after
{Heap after GC invocations=7 (full 0):
 garbage-first heap   total 260096K, used 11790K [0x0000000702200000, 0x0000000800000000)
  region size 2048K, 4 young (8192K), 4 survivors (8192K)
 Metaspace       used 15619K, committed 15872K, reserved 1064960K
  class space    used 1309K, committed 1408K, reserved 1048576K
}

Dll operation events (10 events):
Event: 0.013 Loaded shared library C:\Program Files\Eclipse Adoptium\jdk-17.0.5.8-hotspot\bin\java.dll
Event: 0.027 Loaded shared library C:\Program Files\Eclipse Adoptium\jdk-17.0.5.8-hotspot\bin\jsvml.dll
Event: 0.205 Loaded shared library C:\Program Files\Eclipse Adoptium\jdk-17.0.5.8-hotspot\bin\net.dll
Event: 0.206 Loaded shared library C:\Program Files\Eclipse Adoptium\jdk-17.0.5.8-hotspot\bin\nio.dll
Event: 0.209 Loaded shared library C:\Program Files\Eclipse Adoptium\jdk-17.0.5.8-hotspot\bin\zip.dll
Event: 0.473 Loaded shared library C:\Program Files\Eclipse Adoptium\jdk-17.0.5.8-hotspot\bin\jimage.dll
Event: 0.494 Loaded shared library C:\Users\Jamie\AppData\Local\Temp\libgdxJamie\e787ab0a\gdx64.dll
Event: 0.630 Loaded shared library C:\Users\Jamie\AppData\Local\Temp\lwjgl_Jamie\3.3.2+13\x64\lwjgl.dll
Event: 2.055 Loaded shared library C:\Users\Jamie\AppData\Local\Temp\lwjgl_Jamie\3.3.2+13\x64\lwjgl_opengl.dll
Event: 3.352 Loaded shared library C:\Users\Jamie\AppData\Local\Temp\libgdxJamie\24e58be8\gdx-bullet64.dll

Deoptimization events (20 events):
Event: 29.808 Thread 0x000001e3bb966b20 Uncommon trap: trap_request=0xffffff45 fr.pc=0x000001e3cb03346c relative=0x000000000000006c
Event: 29.808 Thread 0x000001e3bb966b20 Uncommon trap: reason=unstable_if action=reinterpret pc=0x000001e3cb03346c method=com.badlogic.gdx.scenes.scene2d.utils.ClickListener.isVisualPressed()Z @ 4 c2
Event: 29.808 Thread 0x000001e3bb966b20 DEOPT PACKING pc=0x000001e3cb03346c sp=0x000000cbfcafdf20
Event: 29.808 Thread 0x000001e3bb966b20 DEOPT UNPACKING pc=0x000001e3c34823a3 sp=0x000000cbfcafdeb8 mode 2
Event: 29.808 Thread 0x000001e3bb966b20 Uncommon trap: trap_request=0xffffff45 fr.pc=0x000001e3cb0c88ac relative=0x00000000000008cc
Event: 29.808 Thread 0x000001e3bb966b20 Uncommon trap: reason=unstable_if action=reinterpret pc=0x000001e3cb0c88ac method=com.badlogic.gdx.scenes.scene2d.utils.ClickListener.isVisualPressed()Z @ 4 c2
Event: 29.808 Thread 0x000001e3bb966b20 DEOPT PACKING pc=0x000001e3cb0c88ac sp=0x000000cbfcafdf20
Event: 29.808 Thread 0x000001e3bb966b20 DEOPT UNPACKING pc=0x000001e3c34823a3 sp=0x000000cbfcafdda0 mode 2
Event: 29.885 Thread 0x000001e3bb966b20 Uncommon trap: trap_request=0xffffff45 fr.pc=0x000001e3cb0fe4e8 relative=0x0000000000000688
Event: 29.885 Thread 0x000001e3bb966b20 Uncommon trap: reason=unstable_if action=reinterpret pc=0x000001e3cb0fe4e8 method=scene.graph.SceneGraph.render(F)V @ 34 c2
Event: 29.885 Thread 0x000001e3bb966b20 DEOPT PACKING pc=0x000001e3cb0fe4e8 sp=0x000000cbfcafe570
Event: 29.885 Thread 0x000001e3bb966b20 DEOPT UNPACKING pc=0x000001e3c34823a3 sp=0x000000cbfcafe520 mode 2
Event: 30.509 Thread 0x000001e3bb966b20 Uncommon trap: trap_request=0xffffff45 fr.pc=0x000001e3cb23d088 relative=0x0000000000000508
Event: 30.509 Thread 0x000001e3bb966b20 Uncommon trap: reason=unstable_if action=reinterpret pc=0x000001e3cb23d088 method=com.badlogic.gdx.scenes.scene2d.ui.Tree.getExpandIcon(Lcom/badlogic/gdx/scenes/scene2d/ui/Tree$Node;F)Lcom/badlogic/gdx/scenes/scene2d/utils/Drawable; @ 82 c2
Event: 30.509 Thread 0x000001e3bb966b20 DEOPT PACKING pc=0x000001e3cb23d088 sp=0x000000cbfcafe0c0
Event: 30.509 Thread 0x000001e3bb966b20 DEOPT UNPACKING pc=0x000001e3c34823a3 sp=0x000000cbfcafe068 mode 2
Event: 31.357 Thread 0x000001e3bb966b20 Uncommon trap: trap_request=0xffffff45 fr.pc=0x000001e3cb22c4f4 relative=0x0000000000000c34
Event: 31.357 Thread 0x000001e3bb966b20 Uncommon trap: reason=unstable_if action=reinterpret pc=0x000001e3cb22c4f4 method=com.badlogic.gdx.math.Matrix4.inv()Lcom/badlogic/gdx/math/Matrix4; @ 735 c2
Event: 31.357 Thread 0x000001e3bb966b20 DEOPT PACKING pc=0x000001e3cb22c4f4 sp=0x000000cbfcafede0
Event: 31.358 Thread 0x000001e3bb966b20 DEOPT UNPACKING pc=0x000001e3c34823a3 sp=0x000000cbfcafed98 mode 2

Classes unloaded (0 events):
No events

Classes redefined (0 events):
No events

Internal exceptions (20 events):
Event: 0.780 Thread 0x000001e3bb966b20 Exception <a 'sun/nio/fs/WindowsException'{0x0000000711557a78}> (0x0000000711557a78) 
thrown [s\src\hotspot\share\prims\jni.cpp, line 516]
Event: 0.780 Thread 0x000001e3bb966b20 Exception <a 'sun/nio/fs/WindowsException'{0x0000000711557e08}> (0x0000000711557e08) 
thrown [s\src\hotspot\share\prims\jni.cpp, line 516]
Event: 0.844 Thread 0x000001e3bb966b20 Exception <a 'sun/nio/fs/WindowsException'{0x000000071121c9e0}> (0x000000071121c9e0) 
thrown [s\src\hotspot\share\prims\jni.cpp, line 516]
Event: 0.844 Thread 0x000001e3bb966b20 Exception <a 'sun/nio/fs/WindowsException'{0x000000071121cd40}> (0x000000071121cd40) 
thrown [s\src\hotspot\share\prims\jni.cpp, line 516]
Event: 0.940 Thread 0x000001e3bb966b20 Exception <a 'sun/nio/fs/WindowsException'{0x00000007112a9d10}> (0x00000007112a9d10) 
thrown [s\src\hotspot\share\prims\jni.cpp, line 516]
Event: 0.940 Thread 0x000001e3bb966b20 Exception <a 'sun/nio/fs/WindowsException'{0x00000007112aa090}> (0x00000007112aa090) 
thrown [s\src\hotspot\share\prims\jni.cpp, line 516]
Event: 1.243 Thread 0x000001e3bb966b20 Exception <a 'java/lang/NoSuchMethodError'{0x00000007112ef668}: 'java.lang.Object java.lang.invoke.DirectMethodHandle$Holder.newInvokeSpecial(java.lang.Object, long)'> (0x00000007112ef668) 
thrown [s\src\hotspot\share\interpreter\linkResolver.cpp, line 759]
Event: 2.012 Thread 0x000001e3bb966b20 Exception <a 'java/lang/NoSuchMethodError'{0x0000000711014030}: 'void java.lang.invoke.DirectMethodHandle$Holder.invokeStatic(java.lang.Object, long)'> (0x0000000711014030) 
thrown [s\src\hotspot\share\interpreter\linkResolver.cpp, line 759]
Event: 2.052 Thread 0x000001e3bb966b20 Exception <a 'sun/nio/fs/WindowsException'{0x000000071104a4d0}> (0x000000071104a4d0) 
thrown [s\src\hotspot\share\prims\jni.cpp, line 516]
Event: 2.052 Thread 0x000001e3bb966b20 Exception <a 'sun/nio/fs/WindowsException'{0x000000071104a878}> (0x000000071104a878) 
thrown [s\src\hotspot\share\prims\jni.cpp, line 516]
Event: 2.065 Thread 0x000001e3bb966b20 Exception <a 'sun/nio/fs/WindowsException'{0x00000007110590a8}> (0x00000007110590a8) 
thrown [s\src\hotspot\share\prims\jni.cpp, line 516]
Event: 2.065 Thread 0x000001e3bb966b20 Exception <a 'sun/nio/fs/WindowsException'{0x0000000711059388}> (0x0000000711059388) 
thrown [s\src\hotspot\share\prims\jni.cpp, line 516]
Event: 2.834 Thread 0x000001e3bb966b20 Exception <a 'sun/nio/fs/WindowsException'{0x0000000710de8180}> (0x0000000710de8180) 
thrown [s\src\hotspot\share\prims\jni.cpp, line 516]
Event: 2.834 Thread 0x000001e3bb966b20 Exception <a 'sun/nio/fs/WindowsException'{0x0000000710de8450}> (0x0000000710de8450) 
thrown [s\src\hotspot\share\prims\jni.cpp, line 516]
Event: 6.918 Thread 0x000001e3bb966b20 Exception <a 'java/lang/NoSuchMethodError'{0x000000070e6d8f18}: 'void java.lang.invoke.DirectMethodHandle$Holder.invokeStatic(java.lang.Object, java.lang.Object, java.lang.Object)'> (0x000000070e6d8f18) 
thrown [s\src\hotspot\share\interpreter\linkResolver.cpp, line 759]
Event: 6.921 Thread 0x000001e3bb966b20 Exception <a 'java/lang/NoSuchMethodError'{0x000000070e6e89d0}: 'java.lang.Object java.lang.invoke.DirectMethodHandle$Holder.newInvokeSpecial(java.lang.Object, java.lang.Object, int, java.lang.Object)'> (0x000000070e6e89d0) 
thrown [s\src\hotspot\share\interpreter\linkResolver.cpp, line 759]
Event: 6.922 Thread 0x000001e3bb966b20 Exception <a 'java/lang/NoSuchMethodError'{0x000000070e6ecaf0}: 'java.lang.Object java.lang.invoke.DirectMethodHandle$Holder.invokeSpecial(java.lang.Object, java.lang.Object, java.lang.Object, int, java.lang.Object)'> (0x000000070e6ecaf0) 
thrown [s\src\hotspot\share\interpreter\linkResolver.cpp, line 759]
Event: 6.923 Thread 0x000001e3bb966b20 Exception <a 'java/lang/NoSuchMethodError'{0x000000070e6f4980}: 'void java.lang.invoke.DirectMethodHandle$Holder.invokeStatic(java.lang.Object, java.lang.Object, java.lang.Object, java.lang.Object)'> (0x000000070e6f4980) 
thrown [s\src\hotspot\share\interpreter\linkResolver.cpp, line 759]
Event: 6.929 Thread 0x000001e3bb966b20 Exception <a 'java/lang/NoSuchMethodError'{0x000000070e7ca788}: 'java.lang.Object java.lang.invoke.DirectMethodHandle$Holder.newInvokeSpecial(java.lang.Object, java.lang.Object, java.lang.Object, java.lang.Object, float)'> (0x000000070e7ca788) 
thrown [s\src\hotspot\share\interpreter\linkResolver.cpp, line 759]
Event: 6.930 Thread 0x000001e3bb966b20 Exception <a 'java/lang/NoSuchMethodError'{0x000000070e7cecb0}: 'java.lang.Object java.lang.invoke.DirectMethodHandle$Holder.invokeSpecial(java.lang.Object, java.lang.Object, java.lang.Object, java.lang.Object, java.lang.Object, float)'> (0x000000070e7cecb0) 
thrown [s\src\hotspot\share\interpreter\linkResolver.cpp, line 759]

VM Operations (20 events):
Event: 24.072 Executing VM operation: Cleanup
Event: 24.073 Executing VM operation: Cleanup done
Event: 25.085 Executing VM operation: Cleanup
Event: 25.086 Executing VM operation: Cleanup done
Event: 25.127 Executing VM operation: G1TryInitiateConcMark
Event: 25.131 Executing VM operation: G1TryInitiateConcMark done
Event: 26.140 Executing VM operation: Cleanup
Event: 26.140 Executing VM operation: Cleanup done
Event: 27.149 Executing VM operation: Cleanup
Event: 27.150 Executing VM operation: Cleanup done
Event: 28.158 Executing VM operation: Cleanup
Event: 28.158 Executing VM operation: Cleanup done
Event: 29.171 Executing VM operation: Cleanup
Event: 29.171 Executing VM operation: Cleanup done
Event: 29.836 Executing VM operation: G1TryInitiateConcMark
Event: 29.841 Executing VM operation: G1TryInitiateConcMark done
Event: 30.848 Executing VM operation: Cleanup
Event: 30.848 Executing VM operation: Cleanup done
Event: 31.337 Executing VM operation: G1TryInitiateConcMark
Event: 31.344 Executing VM operation: G1TryInitiateConcMark done

Events (20 events):
Event: 17.156 Thread 0x000001e3de8a2ca0 flushing nmethod 0x000001e3c3fee110
Event: 17.156 Thread 0x000001e3de8a2ca0 flushing nmethod 0x000001e3c3fef310
Event: 17.156 Thread 0x000001e3de8a2ca0 flushing nmethod 0x000001e3c3ff5390
Event: 17.156 Thread 0x000001e3de8a2ca0 flushing nmethod 0x000001e3c3ff6510
Event: 17.156 Thread 0x000001e3de8a2ca0 flushing nmethod 0x000001e3c3ff7910
Event: 17.156 Thread 0x000001e3de8a2ca0 flushing nmethod 0x000001e3c3ffb910
Event: 17.156 Thread 0x000001e3de8a2ca0 flushing nmethod 0x000001e3c3ffd690
Event: 17.156 Thread 0x000001e3de8a2ca0 flushing nmethod 0x000001e3c3ffdb10
Event: 17.156 Thread 0x000001e3de8a2ca0 flushing nmethod 0x000001e3c4011f10
Event: 17.156 Thread 0x000001e3de8a2ca0 flushing nmethod 0x000001e3c401b590
Event: 17.156 Thread 0x000001e3de8a2ca0 flushing nmethod 0x000001e3c4022010
Event: 17.156 Thread 0x000001e3de8a2ca0 flushing nmethod 0x000001e3c4061610
Event: 17.156 Thread 0x000001e3de8a2ca0 flushing nmethod 0x000001e3c4067910
Event: 17.157 Thread 0x000001e3de8a2ca0 flushing nmethod 0x000001e3c40ee610
Event: 17.157 Thread 0x000001e3de8a2ca0 flushing nmethod 0x000001e3c40ef590
Event: 17.157 Thread 0x000001e3de8a2ca0 flushing nmethod 0x000001e3c40efc10
Event: 17.157 Thread 0x000001e3de8a2ca0 flushing nmethod 0x000001e3c40f3590
Event: 17.157 Thread 0x000001e3de8a2ca0 flushing nmethod 0x000001e3c40f6310
Event: 17.222 Thread 0x000001e387884870 Thread added: 0x000001e387884870
Event: 17.653 Thread 0x000001e387884870 Thread exited: 0x000001e387884870


Dynamic libraries:
0x00007ff7c73d0000 - 0x00007ff7c73de000 	C:\Program Files\Eclipse Adoptium\jdk-17.0.5.8-hotspot\bin\java.exe
0x00007ff8b1a10000 - 0x00007ff8b1c24000 	C:\WINDOWS\SYSTEM32\ntdll.dll
0x00007ff8b0850000 - 0x00007ff8b0912000 	C:\WINDOWS\System32\KERNEL32.DLL
0x00007ff8af270000 - 0x00007ff8af613000 	C:\WINDOWS\System32\KERNELBASE.dll
0x00007ff8af150000 - 0x00007ff8af261000 	C:\WINDOWS\System32\ucrtbase.dll
0x00007ff893b10000 - 0x00007ff893b29000 	C:\Program Files\Eclipse Adoptium\jdk-17.0.5.8-hotspot\bin\VCRUNTIME140.dll
0x00007ff892cb0000 - 0x00007ff892cc7000 	C:\Program Files\Eclipse Adoptium\jdk-17.0.5.8-hotspot\bin\jli.dll
0x00007ff8b1820000 - 0x00007ff8b19cb000 	C:\WINDOWS\System32\USER32.dll
0x00007ff8af620000 - 0x00007ff8af646000 	C:\WINDOWS\System32\win32u.dll
0x00007ff89a2b0000 - 0x00007ff89a53f000 	C:\WINDOWS\WinSxS\amd64_microsoft.windows.common-controls_6595b64144ccf1df_6.0.23451.1000_none_eb02a5e418fa443a\COMCTL32.dll
0x00007ff8b17f0000 - 0x00007ff8b1819000 	C:\WINDOWS\System32\GDI32.dll
0x00007ff8afac0000 - 0x00007ff8afb67000 	C:\WINDOWS\System32\msvcrt.dll
0x00007ff8af6c0000 - 0x00007ff8af7d3000 	C:\WINDOWS\System32\gdi32full.dll
0x00007ff8af0b0000 - 0x00007ff8af14a000 	C:\WINDOWS\System32\msvcp_win.dll
0x00007ff8afa00000 - 0x00007ff8afa31000 	C:\WINDOWS\System32\IMM32.DLL
0x00007ff898110000 - 0x00007ff89811c000 	C:\Program Files\Eclipse Adoptium\jdk-17.0.5.8-hotspot\bin\vcruntime140_1.dll
0x00007ff87c070000 - 0x00007ff87c101000 	C:\Program Files\Eclipse Adoptium\jdk-17.0.5.8-hotspot\bin\msvcp140.dll
0x00007ff861f50000 - 0x00007ff862b94000 	C:\Program Files\Eclipse Adoptium\jdk-17.0.5.8-hotspot\bin\server\jvm.dll
0x00007ff8afb90000 - 0x00007ff8afc3e000 	C:\WINDOWS\System32\ADVAPI32.dll
0x00007ff8afcb0000 - 0x00007ff8afd54000 	C:\WINDOWS\System32\sechost.dll
0x00007ff8b1510000 - 0x00007ff8b1627000 	C:\WINDOWS\System32\RPCRT4.dll
0x00007ff891a20000 - 0x00007ff891a29000 	C:\WINDOWS\SYSTEM32\WSOCK32.dll
0x00007ff89f5e0000 - 0x00007ff89f614000 	C:\WINDOWS\SYSTEM32\WINMM.dll
0x00007ff8a4c10000 - 0x00007ff8a4c1a000 	C:\WINDOWS\SYSTEM32\VERSION.dll
0x00007ff8af7e0000 - 0x00007ff8af851000 	C:\WINDOWS\System32\WS2_32.dll
0x00007ff8ade50000 - 0x00007ff8ade68000 	C:\WINDOWS\SYSTEM32\kernel.appcore.dll
0x00007ff8929a0000 - 0x00007ff8929aa000 	C:\Program Files\Eclipse Adoptium\jdk-17.0.5.8-hotspot\bin\jimage.dll
0x00007ff8ac8d0000 - 0x00007ff8acafe000 	C:\WINDOWS\SYSTEM32\DBGHELP.DLL
0x00007ff8b0fd0000 - 0x00007ff8b1359000 	C:\WINDOWS\System32\combase.dll
0x00007ff8b0ef0000 - 0x00007ff8b0fc7000 	C:\WINDOWS\System32\OLEAUT32.dll
0x00007ff8a8130000 - 0x00007ff8a8162000 	C:\WINDOWS\SYSTEM32\dbgcore.DLL
0x00007ff8aeec0000 - 0x00007ff8aef3b000 	C:\WINDOWS\System32\bcryptPrimitives.dll
0x00007ff891b70000 - 0x00007ff891b95000 	C:\Program Files\Eclipse Adoptium\jdk-17.0.5.8-hotspot\bin\java.dll
0x00007ff878040000 - 0x00007ff878116000 	C:\Program Files\Eclipse Adoptium\jdk-17.0.5.8-hotspot\bin\jsvml.dll
0x00007ff8afd60000 - 0x00007ff8b057b000 	C:\WINDOWS\System32\SHELL32.dll
0x00007ff8acdf0000 - 0x00007ff8ad6d7000 	C:\WINDOWS\SYSTEM32\windows.storage.dll
0x00007ff8accb0000 - 0x00007ff8acdee000 	C:\WINDOWS\SYSTEM32\wintypes.dll
0x00007ff8b0750000 - 0x00007ff8b0843000 	C:\WINDOWS\System32\SHCORE.dll
0x00007ff8afc50000 - 0x00007ff8afcae000 	C:\WINDOWS\System32\shlwapi.dll
0x00007ff8aed30000 - 0x00007ff8aed51000 	C:\WINDOWS\SYSTEM32\profapi.dll
0x00007ff891b50000 - 0x00007ff891b69000 	C:\Program Files\Eclipse Adoptium\jdk-17.0.5.8-hotspot\bin\net.dll
0x00007ff8a73b0000 - 0x00007ff8a74e7000 	C:\WINDOWS\SYSTEM32\WINHTTP.dll
0x00007ff8ae330000 - 0x00007ff8ae399000 	C:\WINDOWS\system32\mswsock.dll
0x00007ff891ab0000 - 0x00007ff891ac5000 	C:\Program Files\Eclipse Adoptium\jdk-17.0.5.8-hotspot\bin\nio.dll
0x00007ff891140000 - 0x00007ff891158000 	C:\Program Files\Eclipse Adoptium\jdk-17.0.5.8-hotspot\bin\zip.dll
0x0000000062e60000 - 0x0000000062e89000 	C:\Users\Jamie\AppData\Local\Temp\libgdxJamie\e787ab0a\gdx64.dll
0x00007ff869e70000 - 0x00007ff869eea000 	C:\Users\Jamie\AppData\Local\Temp\lwjgl_Jamie\3.3.2+13\x64\lwjgl.dll
0x00007ff860220000 - 0x00007ff860490000 	C:\Users\Jamie\AppData\Local\Temp\lwjgl_Jamie\3.3.2+13\x64\jemalloc.dll
0x00007ff866bb0000 - 0x00007ff866c32000 	C:\Users\Jamie\AppData\Local\Temp\lwjgl_Jamie\3.3.2+13\x64\glfw.dll
0x00007ff887d20000 - 0x00007ff887d66000 	C:\WINDOWS\SYSTEM32\dinput8.dll
0x00007ff889ad0000 - 0x00007ff889ae1000 	C:\WINDOWS\SYSTEM32\xinput1_4.dll
0x00007ff8aeaf0000 - 0x00007ff8aeb3e000 	C:\WINDOWS\SYSTEM32\cfgmgr32.dll
0x00007ff8aeac0000 - 0x00007ff8aeaec000 	C:\WINDOWS\SYSTEM32\DEVOBJ.dll
0x00007ff8ac6e0000 - 0x00007ff8ac70b000 	C:\WINDOWS\SYSTEM32\dwmapi.dll
0x00007ff8855e0000 - 0x00007ff8857ea000 	C:\WINDOWS\SYSTEM32\inputhost.dll
0x00007ff8ab9e0000 - 0x00007ff8abb13000 	C:\WINDOWS\SYSTEM32\CoreMessaging.dll
0x00007ff8ac2d0000 - 0x00007ff8ac37b000 	C:\WINDOWS\system32\uxtheme.dll
0x00007ff8ae5b0000 - 0x00007ff8ae5bc000 	C:\WINDOWS\SYSTEM32\CRYPTBASE.DLL
0x00007ff87aeb0000 - 0x00007ff87b112000 	C:\Program Files (x86)\Stardock\Fences\FencesMenu64.dll
0x00007ff8af860000 - 0x00007ff8af9fc000 	C:\WINDOWS\System32\ole32.dll
0x00007ff8ae430000 - 0x00007ff8ae458000 	C:\WINDOWS\SYSTEM32\USERENV.dll
0x00007ff8a81f0000 - 0x00007ff8a8204000 	C:\WINDOWS\SYSTEM32\WTSAPI32.dll
0x00007ff880570000 - 0x00007ff880729000 	C:\WINDOWS\WinSxS\amd64_microsoft.windows.gdiplus_6595b64144ccf1df_1.1.23451.1000_none_1bed98c9738cbe08\gdiplus.dll
0x00007ff8b1360000 - 0x00007ff8b1482000 	C:\WINDOWS\System32\MSCTF.dll
0x00007ff861910000 - 0x00007ff861ad5000 	C:\Users\Jamie\AppData\Local\Temp\lwjgl_Jamie\3.3.2+13\x64\OpenAL.dll
0x00007ff8b0590000 - 0x00007ff8b0640000 	C:\WINDOWS\System32\clbcatq.dll
0x00007ff89e470000 - 0x00007ff89e50d000 	C:\WINDOWS\System32\MMDevApi.dll
0x00007ff897460000 - 0x00007ff897645000 	C:\WINDOWS\SYSTEM32\AUDIOSES.DLL
0x00007ff8a7250000 - 0x00007ff8a7265000 	C:\WINDOWS\SYSTEM32\resourcepolicyclient.dll
0x00007ff8ae670000 - 0x00007ff8ae6bd000 	C:\WINDOWS\SYSTEM32\powrprof.dll
0x00007ff8ae650000 - 0x00007ff8ae663000 	C:\WINDOWS\SYSTEM32\UMPDC.dll
0x00007ff87e220000 - 0x00007ff87e320000 	C:\WINDOWS\SYSTEM32\opengl32.dll
0x00007ff87e1a0000 - 0x00007ff87e1cd000 	C:\WINDOWS\SYSTEM32\GLU32.dll
0x00007ff8ac460000 - 0x00007ff8ac496000 	C:\WINDOWS\SYSTEM32\dxcore.dll
0x00007ff8a4d70000 - 0x00007ff8a4ea4000 	C:\Windows\System32\AppXDeploymentClient.dll
0x00007ff847800000 - 0x00007ff84b457000 	C:\WINDOWS\System32\DriverStore\FileRepository\nvgbsi.inf_amd64_beb8902a0d57b906\nvoglv64.dll
0x00007ff8b0920000 - 0x00007ff8b0d94000 	C:\WINDOWS\System32\SETUPAPI.dll
0x00007ff8ae7b0000 - 0x00007ff8ae7d8000 	C:\WINDOWS\SYSTEM32\bcrypt.dll
0x00007ff8aeaa0000 - 0x00007ff8aeab2000 	C:\WINDOWS\SYSTEM32\msasn1.dll
0x00007ff8a9dc0000 - 0x00007ff8a9df2000 	C:\WINDOWS\SYSTEM32\cryptnet.dll
0x00007ff8aef40000 - 0x00007ff8af0a6000 	C:\WINDOWS\System32\CRYPT32.dll
0x00007ff8a4ab0000 - 0x00007ff8a4c08000 	C:\WINDOWS\SYSTEM32\drvstore.dll
0x00007ff8ae6c0000 - 0x00007ff8ae708000 	C:\WINDOWS\SYSTEM32\wldp.dll
0x00007ff8af650000 - 0x00007ff8af6bb000 	C:\WINDOWS\System32\WINTRUST.dll
0x00007ff8ade70000 - 0x00007ff8adea4000 	C:\WINDOWS\SYSTEM32\ntmarta.dll
0x00007ff88ef00000 - 0x00007ff88f1d1000 	C:\WINDOWS\system32\nvspcap64.dll
0x00007ff8ae120000 - 0x00007ff8ae186000 	C:\WINDOWS\SYSTEM32\WINSTA.dll
0x00007ff8a82c0000 - 0x00007ff8a837c000 	C:\WINDOWS\SYSTEM32\mscms.dll
0x00007ff88a8f0000 - 0x00007ff88a939000 	C:\WINDOWS\SYSTEM32\icm32.dll
0x00007ff87c010000 - 0x00007ff87c06e000 	C:\Users\Jamie\AppData\Local\Temp\lwjgl_Jamie\3.3.2+13\x64\lwjgl_opengl.dll
0x00007ff8a7b30000 - 0x00007ff8a7c77000 	C:\WINDOWS\SYSTEM32\textinputframework.dll
0x00007ff8a97c0000 - 0x00007ff8a9b2c000 	C:\WINDOWS\SYSTEM32\CoreUIComponents.dll
0x0000000062940000 - 0x0000000062d8e000 	C:\Users\Jamie\AppData\Local\Temp\libgdxJamie\24e58be8\gdx-bullet64.dll

dbghelp: loaded successfully - version: 4.0.5 - missing functions: none
symbol engine: initialized successfully - sym options: 0x614 - pdb path: .;C:\Program Files\Eclipse Adoptium\jdk-17.0.5.8-hotspot\bin;C:\WINDOWS\SYSTEM32;C:\WINDOWS\WinSxS\amd64_microsoft.windows.common-controls_6595b64144ccf1df_6.0.23451.1000_none_eb02a5e418fa443a;C:\Program Files\Eclipse Adoptium\jdk-17.0.5.8-hotspot\bin\server;C:\Users\Jamie\AppData\Local\Temp\libgdxJamie\e787ab0a;C:\Users\Jamie\AppData\Local\Temp\lwjgl_Jamie\3.3.2+13\x64;C:\Program Files (x86)\Stardock\Fences;C:\WINDOWS\WinSxS\amd64_microsoft.windows.gdiplus_6595b64144ccf1df_1.1.23451.1000_none_1bed98c9738cbe08;C:\WINDOWS\System32\DriverStore\FileRepository\nvgbsi.inf_amd64_beb8902a0d57b906;C:\Users\Jamie\AppData\Local\Temp\libgdxJamie\24e58be8

VM Arguments:
jvm_args: -Dfile.encoding=windows-1252 -Duser.country=US -Duser.language=en -Duser.variant 
java_command: app.Launcher
java_class_path (initial): C:\Users\Jamie\Desktop\3d-editor\build\classes\java\main;C:\Users\Jamie\Desktop\3d-editor\build\resources\main;C:\Users\Jamie\.gradle\caches\modules-2\files-2.1\com.badlogicgames.gdx\gdx-freetype\1.11.0\a3634ad2e6c56d251268d6ab5c0f66eee2841f2c\gdx-freetype-1.11.0.jar;C:\Users\Jamie\.gradle\caches\modules-2\files-2.1\com.badlogicgames.gdx\gdx-freetype-platform\1.11.0\420e2c2c206843a0d51010be28a141a1eb946235\gdx-freetype-platform-1.11.0-natives-desktop.jar;C:\Users\Jamie\.gradle\caches\modules-2\files-2.1\org.joml\joml-jdk8\1.10.1\ee949eb1b9ffb7c5b939086dac69abdca13ebe7f\joml-jdk8-1.10.1.jar;C:\Users\Jamie\.gradle\caches\modules-2\files-2.1\io.github.spair\imgui-java-lwjgl3\1.86.8\a75f7a16fb3c41cdc06ce904b7c428ac6cbe6449\imgui-java-lwjgl3-1.86.8.jar;C:\Users\Jamie\.gradle\caches\modules-2\files-2.1\org.lwjgl\lwjgl-meshoptimizer\3.3.2\ee363ad36776bd98f8cfd102b18c58666758638a\lwjgl-meshoptimizer-3.3.2.jar;C:\Users\Jamie\.gradle\caches\modules-2\files-2.1\com.github.crykn.guacamole\gdx-desktop\0.3.2\f2e37b4a429641c93d9ee76bd07f0e83ab693506\gdx-desktop-0.3.2.jar;C:\Users\Jamie\.gradle\caches\modules-2\files-2.1\com.badlogicgames.gdx\gdx-backend-lwjgl3\1.11.0\58a96db4cd349be4292d547856aa1e1c5f065f4e\gdx-backend-lwjgl3-1.11.0.jar;C:\Users\Jamie\.gradle\caches\modules-2\files-2.1\com.badlogicgames.gdx\gdx-bullet-platform\1.11.0\2c067b913a306ba26d482075297538ad91cdb88b\gdx-bullet-platform-1.11.0-natives-desktop.jar;C:\Users\Jamie\.gradle\caches\modules-2\files-2.1\com.badlogicgames.gdx\gdx-platform\1.11.0\697fb13eada6d3c6ca648c9788692b0159add126\gdx-platform-1.11.0-natives-desktop.jar;C:\Users\Jamie\.gradle\caches\modules-2\files-2.1\com.crashinvaders.lml\gdx-autumn-fcs\1.10.1.11.0\efe98b8942eb7fd29545abaad178b255ea08a157\gdx-autumn-fcs-1.10.1.11.0.jar;C:\Users\Jamie\.gradle\caches\modules-2\files-2.1\com.google.code.gson\gson\2.10\dd9b193aef96e973d5a11ab13cd17430c2e4306b\gson-2.10.jar;C:\Users\Jamie\.gradle\caches\modules-2\files-2.1\com.github.y
Launcher Type: SUN_STANDARD

[Global flags]
     intx CICompilerCount                          = 4                                         {product} {ergonomic}
     uint ConcGCThreads                            = 3                                         {product} {ergonomic}
     uint G1ConcRefinementThreads                  = 10                                        {product} {ergonomic}
   size_t G1HeapRegionSize                         = 2097152                                   {product} {ergonomic}
    uintx GCDrainStackTargetSize                   = 64                                        {product} {ergonomic}
   size_t InitialHeapSize                          = 266338304                                 {product} {ergonomic}
   size_t MarkStackSize                            = 4194304                                   {product} {ergonomic}
   size_t MaxHeapSize                              = 4259315712                                {product} {ergonomic}
   size_t MaxNewSize                               = 2554331136                                {product} {ergonomic}
   size_t MinHeapDeltaBytes                        = 2097152                                   {product} {ergonomic}
   size_t MinHeapSize                              = 8388608                                   {product} {ergonomic}
    uintx NonNMethodCodeHeapSize                   = 5839372                                {pd product} {ergonomic}
    uintx NonProfiledCodeHeapSize                  = 122909434                              {pd product} {ergonomic}
    uintx ProfiledCodeHeapSize                     = 122909434                              {pd product} {ergonomic}
    uintx ReservedCodeCacheSize                    = 251658240                              {pd product} {ergonomic}
     bool SegmentedCodeCache                       = true                                      {product} {ergonomic}
   size_t SoftMaxHeapSize                          = 4259315712                             {manageable} {ergonomic}
     bool UseCompressedClassPointers               = true                           {product lp64_product} {ergonomic}
     bool UseCompressedOops                        = true                           {product lp64_product} {ergonomic}
     bool UseG1GC                                  = true                                      {product} {ergonomic}
     bool UseLargePagesIndividualAllocation        = false                                  {pd product} {ergonomic}

Logging:
Log output configuration:
 #0: stdout all=warning uptime,level,tags
 #1: stderr all=off uptime,level,tags

Environment Variables:
JAVA_HOME=C:\Program Files\Eclipse Adoptium\jdk-17.0.5.8-hotspot\
PATH=C:\msys64;C:\Program Files\Eclipse Adoptium\jdk-17.0.5.8-hotspot\bin;C:\Program Files (x86)\Common Files\Oracle\Java\javapath;C:\Program Files\AdoptOpenJDK\jdk-11.0.11.9-hotspot\bin;C:\Windows\system32;C:\Windows;C:\Windows\System32\Wbem;C:\Windows\System32\WindowsPowerShell\v1.0\;C:\Windows\System32\OpenSSH\;C:\Program Files\NVIDIA Corporation\NVIDIA NvDLISR;C:\Program Files (x86)\NVIDIA Corporation\PhysX\Common;C:\Program Files\dotnet\;C:\Users\joe\Documents\JavaDevelopment\jdk-16.0.1\bin;C:\WINDOWS\system32;C:\WINDOWS;C:\WINDOWS\System32\Wbem;C:\WINDOWS\System32\WindowsPowerShell\v1.0\;C:\WINDOWS\System32\OpenSSH\;C:\Program Files\PuTTY\;C:\ProgramData\chocolatey\bin;C:\Program Files\Git\cmd;C:\Users\Jamie\AppData\Local\Programs\Python\Python39;C:\Users\Jamie\AppData\Local\Programs\Python\Python39\Scripts;C:\Program Files\f3d\bin;C:\dev\lib\apache-ant-1.10.12\bin;C:\dev\lib\apache-ant-1.10.12\lib;C:\dev\lib\processing-3.5.4;C:\dev\lib\processing-3.5.4\lib;C:\Program Files\TortoiseSVN\bin;C:\dev\lib\COLLADA2GLTF-v2.1.5-windows-Release-x64;C:\dev\lib\COLLADA2GLTF-v2.1.5-windows-Release-x64\COLLADA2GLTF-bin.exe;;C:\Program Files\Mullvad VPN\resources;C:\Program Files\CMake\bin;C:\Program Files\Microsoft SQL Server\150\Tools\Binn\;C:\msys64;C:\Users\Jamie\.jdks\corretto-1.8.0_362\bin;C:\Program Files\Eclipse Adoptium\jdk-17.0.5.8-hotspot\bin;C:\Program Files (x86)\Java\jre1.8.0_361\bin;C:\Users\Jamie\AppData\Local\Microsoft\WindowsApps;C:\Users\Jamie\AppData\Local\JetBrains\Toolbox\scripts;C:\Users\Jamie\AppData\Local\Programs\Python\Python39;C:\Users\Jamie\AppData\Local\Programs\Python\Python39\Scripts;C:\Users\Jamie\AppData\Local\Programs\Microsoft VS Code\bin;C:\Panda3D-1.10.12-x64\python;C:\Panda3D-1.10.12-x64\python\Scripts;C:\Panda3D-1.10.12-x64\bin;C:\dev\lib\apache-ant-1.10.12\bin;C:\Users\Jamie\AppData\Local\GitHubDesktop\bin;C:\Users\Jamie\.dotnet\tools;C:\Users\Jamie\AppData\Local\Microsoft\WindowsApps;
USERNAME=Jamie
OS=Windows_NT
PROCESSOR_IDENTIFIER=Intel64 Family 6 Model 158 Stepping 10, GenuineIntel
TMP=C:\Users\Jamie\AppData\Local\Temp
TEMP=C:\Users\Jamie\AppData\Local\Temp



---------------  S Y S T E M  ---------------

OS:
 Windows 11 , 64 bit Build 23451 (10.0.23451.1000)
OS uptime: 20 days 8:53 hours

CPU: total 12 (initial active 12) (6 cores per cpu, 2 threads per core) family 6 model 158 stepping 10 microcode 0xf0, cx8, cmov, fxsr, ht, mmx, 3dnowpref, sse, sse2, sse3, ssse3, sse4.1, sse4.2, popcnt, lzcnt, tsc, tscinvbit, avx, avx2, aes, erms, clmul, bmi1, bmi2, adx, fma, vzeroupper, clflush, clflushopt

Memory: 4k page, system-wide physical 16245M (1206M free)
TotalPageFile size 34636M (AvailPageFile size 5351M)
current process WorkingSet (physical memory assigned to process): 853M, peak: 924M
current process commit charge ("private bytes"): 1232M, peak: 1302M

vm_info: OpenJDK 64-Bit Server VM (17.0.5+8) for windows-amd64 JRE (17.0.5+8), built on Oct 19 2022 04:48:13 by "temurin" with MS VC++ 16.7 (VS2019)

END.
