#
# A fatal error has been detected by the Java Runtime Environment:
#
#  EXCEPTION_ACCESS_VIOLATION (0xc0000005) at pc=0x00000000629424be, pid=728, tid=20996
#
# JRE version: OpenJDK Runtime Environment Temurin-17.0.5+8 (17.0.5+8) (build 17.0.5+8)
# Java VM: OpenJDK 64-Bit Server VM Temurin-17.0.5+8 (17.0.5+8, mixed mode, sharing, tiered, compressed oops, compressed class ptrs, g1 gc, windows-amd64)
# Problematic frame:
# C  [gdx-bullet64.dll+0x24be]
#
# No core dump will be written. Minidumps are not enabled by default on client versions of Windows
#
# If you would like to submit a bug report, please visit:
#   https://github.com/adoptium/adoptium-support/issues
# The crash happened outside the Java Virtual Machine in native code.
# See problematic frame for where to report the bug.
#

---------------  S U M M A R Y ------------

Command Line: -Dfile.encoding=windows-1252 -Duser.country=US -Duser.language=en -Duser.variant app.Launcher

Host: Intel(R) Core(TM) i7-8750H CPU @ 2.20GHz, 12 cores, 15G,  Windows 11 , 64 bit Build 23451 (10.0.23451.1000)
Time: Sat May 20 21:46:51 2023 Eastern Daylight Time elapsed time: 11.717543 seconds (0d 0h 0m 11s)

---------------  T H R E A D  ---------------

Current thread (0x000002217b4486f0):  JavaThread "Finalizer" daemon [_thread_in_native, id=20996, stack(0x0000006cd7400000,0x0000006cd7500000)]

Stack: [0x0000006cd7400000,0x0000006cd7500000],  sp=0x0000006cd74fef80,  free space=1019k
Native frames: (J=compiled Java code, j=interpreted, Vv=VM code, C=native code)
C  [gdx-bullet64.dll+0x24be]

Java frames: (J=compiled Java code, j=interpreted, Vv=VM code)
j  com.badlogic.gdx.physics.bullet.dynamics.DynamicsJNI.delete_btDiscreteDynamicsWorld(J)V+0
j  com.badlogic.gdx.physics.bullet.dynamics.btDiscreteDynamicsWorld.delete()V+25
j  com.badlogic.gdx.physics.bullet.BulletBase.dispose()V+74
j  com.badlogic.gdx.physics.bullet.BulletBase.destroy()V+108
j  com.badlogic.gdx.physics.bullet.dynamics.btDiscreteDynamicsWorld.finalize()V+8
j  java.lang.System$2.invokeFinalize(Ljava/lang/Object;)V+1 java.base@17.0.5
j  java.lang.ref.Finalizer.runFinalizer(Ljdk/internal/access/JavaLangAccess;)V+115 java.base@17.0.5
j  java.lang.ref.Finalizer$FinalizerThread.run()V+46 java.base@17.0.5
v  ~StubRoutines::call_stub

siginfo: EXCEPTION_ACCESS_VIOLATION (0xc0000005), reading address 0x0000000000000030


Register to memory mapping:

RIP=0x00000000629424be gdx-bullet64.dll
RAX=0x0 is NULL
RBX=0x000002217ed41608 points into unknown readable memory: 0x0000000000000000 | 00 00 00 00 00 00 00 00
RCX=0x000002217ed41608 points into unknown readable memory: 0x0000000000000000 | 00 00 00 00 00 00 00 00
RDX=0x0000022111a06b00 points into unknown readable memory: 0xbf800000c2480000 | 00 00 48 c2 00 00 80 bf
RSP=0x0000006cd74fef80 is pointing into the stack for thread: 0x000002217b4486f0
RBP=0x0 is NULL
RSI=0x0 is NULL
RDI=0x000002217ed41608 points into unknown readable memory: 0x0000000000000000 | 00 00 00 00 00 00 00 00
R8 =0x000002217fee2af0 points into unknown readable memory: 0x0000022111b53f40 | 40 3f b5 11 21 02 00 00
R9 =0x0000000000000001 is an unknown value
R10=0x0000022156090000 points into unknown readable memory: 0x0000000000000000 | 00 00 00 00 00 00 00 00
R11=0x0000006cd74feff0 is pointing into the stack for thread: 0x000002217b4486f0
R12=0x0000022111a086e0 points into unknown readable memory: 0x0000000062c2da30 | 30 da c2 62 00 00 00 00
R13=0x0000000062bd7660 gdx-bullet64.dll
R14=0x0000006cd74ff198 is pointing into the stack for thread: 0x000002217b4486f0
R15=0x000002217b4486f0 is a thread


Registers:
RAX=0x0000000000000000, RBX=0x000002217ed41608, RCX=0x000002217ed41608, RDX=0x0000022111a06b00
RSP=0x0000006cd74fef80, RBP=0x0000000000000000, RSI=0x0000000000000000, RDI=0x000002217ed41608
R8 =0x000002217fee2af0, R9 =0x0000000000000001, R10=0x0000022156090000, R11=0x0000006cd74feff0
R12=0x0000022111a086e0, R13=0x0000000062bd7660, R14=0x0000006cd74ff198, R15=0x000002217b4486f0
RIP=0x00000000629424be, EFLAGS=0x0000000000010246

Top of Stack: (sp=0x0000006cd74fef80)
0x0000006cd74fef80:   000002217b4486f0 000002217b4486f0
0x0000006cd74fef90:   0000022111a0688f 000000006294aa9c
0x0000006cd74fefa0:   0000000000000000 0000000000000000
0x0000006cd74fefb0:   000002217ed41608 0000022111a06b00
0x0000006cd74fefc0:   0000000000000000 0000000062943271
0x0000006cd74fefd0:   000000000000000d 0000022111a066a0
0x0000006cd74fefe0:   0000022111a06a80 0000000000000000
0x0000006cd74feff0:   0000000000000000 0000022111a06a80
0x0000006cd74ff000:   000002217ed41600 0000000062943c14
0x0000006cd74ff010:   0000022111a06890 00007ff8b1a4ab01
0x0000006cd74ff020:   0000022111a06880 0000022156090000
0x0000006cd74ff030:   0000000062c15090 000002217fee2af0
0x0000006cd74ff040:   0000022111a06400 0000022111a066a0
0x0000006cd74ff050:   0000022111a06a80 000000006295d933
0x0000006cd74ff060:   0000022111a066a0 0000000000000009
0x0000006cd74ff070:   0000006cd74ff170 00007ff85a9418a2 

Instructions: (pc=0x00000000629424be)
0x00000000629423be:   60 01 00 00 e9 db fe ff ff 66 0f 1f 84 00 00 00
0x00000000629423ce:   00 00 41 8d 42 ff 44 89 f7 4c 63 c8 44 29 f0 49
0x00000000629423de:   8d 69 ff 4d 29 ca 4e 8d 2c d3 48 29 c5 0f 1f 44
0x00000000629423ee:   00 00 4b 8b 4c cd f8 4d 89 d8 48 89 f2 e8 50 f6
0x00000000629423fe:   ff ff 84 c0 4d 63 d1 75 0b 49 83 e9 01 4c 39 cd
0x000000006294240e:   75 e0 eb a9 49 63 c2 44 8d 67 01 48 8d 04 c3 48
0x000000006294241e:   8b 10 4a 89 14 f3 4c 89 38 eb 89 0f 1f 80 00 00
0x000000006294242e:   00 00 ba 10 00 00 00 b9 38 00 00 00 e8 31 d0 13
0x000000006294243e:   00 48 85 c0 48 89 c6 74 3c 48 c7 00 00 00 00 00
0x000000006294244e:   48 c7 40 08 00 00 00 00 48 c7 40 10 00 00 00 00
0x000000006294245e:   48 c7 40 18 00 00 00 00 48 c7 40 20 00 00 00 00
0x000000006294246e:   48 c7 40 28 00 00 00 00 48 c7 40 30 00 00 00 00
0x000000006294247e:   e9 3c fe ff ff 48 c7 04 25 20 00 00 00 00 00 00
0x000000006294248e:   00 0f 0b 0f 1f 44 00 00 66 2e 0f 1f 84 00 00 00
0x000000006294249e:   00 00 57 56 53 48 83 ec 30 0f 29 74 24 20 48 89
0x00000000629424ae:   cf 48 39 11 0f 84 23 01 00 00 48 8b 72 20 31 c0
0x00000000629424be:   48 39 56 30 48 8b 5e 20 0f 95 c0 48 83 c0 04 48
0x00000000629424ce:   85 db 48 8b 44 c6 08 0f 84 d5 00 00 00 31 d2 48
0x00000000629424de:   39 73 30 0f 94 c2 48 83 c2 04 48 89 44 d3 08 48
0x00000000629424ee:   89 58 20 48 8b 49 08 e8 86 cf 13 00 48 89 77 08
0x00000000629424fe:   66 90 48 8b 43 30 48 8b 4b 28 4c 8d 43 10 f3 0f
0x000000006294250e:   10 0b 31 d2 f3 0f 10 53 04 4c 8d 51 10 4c 8d 48
0x000000006294251e:   10 f3 0f 10 5b 08 f3 0f 10 63 10 f3 0f 10 6b 14
0x000000006294252e:   f3 0f 10 73 18 f3 0f 10 04 11 f3 0f 5d 04 10 f3
0x000000006294253e:   0f 11 04 13 f3 41 0f 10 04 12 f3 41 0f 5f 04 11
0x000000006294254e:   f3 41 0f 11 04 10 48 83 c2 04 48 83 fa 0c 75 d5
0x000000006294255e:   0f 2e 0b 7a 2d 75 2b 0f 2e 53 04 7a 25 75 23 0f
0x000000006294256e:   2e 5b 08 7a 1d 75 1b 0f 2e 63 10 7a 15 75 13 0f
0x000000006294257e:   2e 6b 14 7a 0d 75 0b 0f 2e 73 18 7a 05 74 13 0f
0x000000006294258e:   1f 00 48 8b 5b 20 48 85 db 0f 85 63 ff ff ff 48
0x000000006294259e:   8b 1f 0f 28 74 24 20 48 89 d8 48 83 c4 30 5b 5e
0x00000000629425ae:   5f c3 48 89 01 48 c7 40 20 00 00 00 00 48 8b 49 


Stack slot to memory mapping:
stack at sp + 0 slots: 0x000002217b4486f0 is a thread
stack at sp + 1 slots: 0x000002217b4486f0 is a thread
stack at sp + 2 slots: 0x0000022111a0688f points into unknown readable memory: 00
stack at sp + 3 slots: 0x000000006294aa9c gdx-bullet64.dll
stack at sp + 4 slots: 0x0 is NULL
stack at sp + 5 slots: 0x0 is NULL
stack at sp + 6 slots: 0x000002217ed41608 points into unknown readable memory: 0x0000000000000000 | 00 00 00 00 00 00 00 00
stack at sp + 7 slots: 0x0000022111a06b00 points into unknown readable memory: 0xbf800000c2480000 | 00 00 48 c2 00 00 80 bf


---------------  P R O C E S S  ---------------

Threads class SMR info:
_java_thread_list=0x000002211e935c40, length=14, elements={
0x00000221580968b0, 0x000002217b447b40, 0x000002217b4486f0, 0x000002217b45ffc0,
0x000002217b466a90, 0x000002217b467440, 0x000002217b467df0, 0x000002217b468b80,
0x000002217b469620, 0x000002217b46a620, 0x000002217b5ad510, 0x000002217b5b53f0,
0x000002217d8992f0, 0x000002211ed04450
}

Java Threads: ( => current thread )
  0x00000221580968b0 JavaThread "main" [_thread_in_native, id=19688, stack(0x0000006cd6c00000,0x0000006cd6d00000)]
  0x000002217b447b40 JavaThread "Reference Handler" daemon [_thread_blocked, id=21508, stack(0x0000006cd7300000,0x0000006cd7400000)]
=>0x000002217b4486f0 JavaThread "Finalizer" daemon [_thread_in_native, id=20996, stack(0x0000006cd7400000,0x0000006cd7500000)]
  0x000002217b45ffc0 JavaThread "Signal Dispatcher" daemon [_thread_blocked, id=16476, stack(0x0000006cd7500000,0x0000006cd7600000)]
  0x000002217b466a90 JavaThread "Attach Listener" daemon [_thread_blocked, id=18328, stack(0x0000006cd7600000,0x0000006cd7700000)]
  0x000002217b467440 JavaThread "Service Thread" daemon [_thread_blocked, id=18396, stack(0x0000006cd7700000,0x0000006cd7800000)]
  0x000002217b467df0 JavaThread "Monitor Deflation Thread" daemon [_thread_blocked, id=15388, stack(0x0000006cd7800000,0x0000006cd7900000)]
  0x000002217b468b80 JavaThread "C2 CompilerThread0" daemon [_thread_blocked, id=22076, stack(0x0000006cd7900000,0x0000006cd7a00000)]
  0x000002217b469620 JavaThread "C1 CompilerThread0" daemon [_thread_blocked, id=2696, stack(0x0000006cd7a00000,0x0000006cd7b00000)]
  0x000002217b46a620 JavaThread "Sweeper thread" daemon [_thread_blocked, id=23244, stack(0x0000006cd7b00000,0x0000006cd7c00000)]
  0x000002217b5ad510 JavaThread "Notification Thread" daemon [_thread_blocked, id=8864, stack(0x0000006cd7c00000,0x0000006cd7d00000)]
  0x000002217b5b53f0 JavaThread "Common-Cleaner" daemon [_thread_blocked, id=24708, stack(0x0000006cd7e00000,0x0000006cd7f00000)]
  0x000002217d8992f0 JavaThread "Thread-0" daemon [_thread_in_native, id=21120, stack(0x0000006cd8600000,0x0000006cd8700000)]
  0x000002211ed04450 JavaThread "Timer" daemon [_thread_blocked, id=24472, stack(0x0000006cd9300000,0x0000006cd9400000)]

Other Threads:
  0x000002217b442090 VMThread "VM Thread" [stack: 0x0000006cd7200000,0x0000006cd7300000] [id=23464]
  0x0000022158124110 WatcherThread [stack: 0x0000006cd7d00000,0x0000006cd7e00000] [id=1140]
  0x0000022158103aa0 GCTaskThread "GC Thread#0" [stack: 0x0000006cd6d00000,0x0000006cd6e00000] [id=9488]
  0x000002217d815090 GCTaskThread "GC Thread#1" [stack: 0x0000006cd7f00000,0x0000006cd8000000] [id=23404]
  0x000002217d0c9a10 GCTaskThread "GC Thread#2" [stack: 0x0000006cd8900000,0x0000006cd8a00000] [id=22696]
  0x000002217d0c9cc0 GCTaskThread "GC Thread#3" [stack: 0x0000006cd8a00000,0x0000006cd8b00000] [id=23748]
  0x000002217d0c9f70 GCTaskThread "GC Thread#4" [stack: 0x0000006cd8b00000,0x0000006cd8c00000] [id=17320]
  0x000002217d0ca220 GCTaskThread "GC Thread#5" [stack: 0x0000006cd8c00000,0x0000006cd8d00000] [id=19336]
  0x000002217d7fb440 GCTaskThread "GC Thread#6" [stack: 0x0000006cd8d00000,0x0000006cd8e00000] [id=9520]
  0x000002217d7fb6f0 GCTaskThread "GC Thread#7" [stack: 0x0000006cd8e00000,0x0000006cd8f00000] [id=21928]
  0x000002217d7fb9a0 GCTaskThread "GC Thread#8" [stack: 0x0000006cd8f00000,0x0000006cd9000000] [id=20324]
  0x000002217dac0840 GCTaskThread "GC Thread#9" [stack: 0x0000006cd9000000,0x0000006cd9100000] [id=7852]
  0x0000022158114910 ConcurrentGCThread "G1 Main Marker" [stack: 0x0000006cd6e00000,0x0000006cd6f00000] [id=14136]
  0x0000022158115ac0 ConcurrentGCThread "G1 Conc#0" [stack: 0x0000006cd6f00000,0x0000006cd7000000] [id=15252]
  0x000002217b1e6ee0 ConcurrentGCThread "G1 Refine#0" [stack: 0x0000006cd7000000,0x0000006cd7100000] [id=24692]
  0x000002217b1e87b0 ConcurrentGCThread "G1 Service" [stack: 0x0000006cd7100000,0x0000006cd7200000] [id=21924]

Threads with active compile tasks:

VM state: not at safepoint (normal execution)

VM Mutex/Monitor currently owned by a thread: None

Heap address: 0x0000000702200000, size: 4062 MB, Compressed Oops mode: Zero based, Oop shift amount: 3

CDS archive(s) mapped at: [0x0000000800000000-0x0000000800bc0000-0x0000000800bc0000), size 12320768, SharedBaseAddress: 0x0000000800000000, ArchiveRelocationMode: 0.
Compressed class space mapped at: 0x0000000800c00000-0x0000000840c00000, reserved size: 1073741824
Narrow klass base: 0x0000000800000000, Narrow klass shift: 0, Narrow klass range: 0x100000000

GC Precious Log:
 CPUs: 12 total, 12 available
 Memory: 16245M
 Large Page Support: Disabled
 NUMA Support: Disabled
 Compressed Oops: Enabled (Zero based)
 Heap Region Size: 2M
 Heap Min Capacity: 8M
 Heap Initial Capacity: 254M
 Heap Max Capacity: 4062M
 Pre-touch: Disabled
 Parallel Workers: 10
 Concurrent Workers: 3
 Concurrent Refinement Workers: 10
 Periodic GC: Disabled

Heap:
 garbage-first heap   total 260096K, used 18126K [0x0000000702200000, 0x0000000800000000)
  region size 2048K, 6 young (12288K), 4 survivors (8192K)
 Metaspace       used 15024K, committed 15232K, reserved 1064960K
  class space    used 1239K, committed 1344K, reserved 1048576K

Heap Regions: E=young(eden), S=young(survivor), O=old, HS=humongous(starts), HC=humongous(continues), CS=collection set, F=free, OA=open archive, CA=closed archive, TAMS=top-at-mark-start (previous, next)
|   0|0x0000000702200000, 0x0000000702400000, 0x0000000702400000|100%| O|  |TAMS 0x0000000702200000, 0x0000000702400000| Untracked 
|   1|0x0000000702400000, 0x0000000702585400, 0x0000000702600000| 76%| O|  |TAMS 0x0000000702400000, 0x0000000702585400| Untracked 
|   2|0x0000000702600000, 0x0000000702800000, 0x0000000702800000|100%|HS|  |TAMS 0x0000000702600000, 0x0000000702600000| Complete 
|   3|0x0000000702800000, 0x0000000702a00000, 0x0000000702a00000|100%|HC|  |TAMS 0x0000000702800000, 0x0000000702800000| Complete 
|   4|0x0000000702a00000, 0x0000000702c00000, 0x0000000702c00000|100%|HC|  |TAMS 0x0000000702a00000, 0x0000000702a00000| Complete 
|   5|0x0000000702c00000, 0x0000000702c00000, 0x0000000702e00000|  0%| F|  |TAMS 0x0000000702c00000, 0x0000000702c00000| Untracked 
|   6|0x0000000702e00000, 0x0000000702e00000, 0x0000000703000000|  0%| F|  |TAMS 0x0000000702e00000, 0x0000000702e00000| Untracked 
|   7|0x0000000703000000, 0x0000000703000000, 0x0000000703200000|  0%| F|  |TAMS 0x0000000703000000, 0x0000000703000000| Untracked 
|   8|0x0000000703200000, 0x0000000703200000, 0x0000000703400000|  0%| F|  |TAMS 0x0000000703200000, 0x0000000703200000| Untracked 
|   9|0x0000000703400000, 0x0000000703400000, 0x0000000703600000|  0%| F|  |TAMS 0x0000000703400000, 0x0000000703400000| Untracked 
|  10|0x0000000703600000, 0x0000000703600000, 0x0000000703800000|  0%| F|  |TAMS 0x0000000703600000, 0x0000000703600000| Untracked 
|  11|0x0000000703800000, 0x0000000703800000, 0x0000000703a00000|  0%| F|  |TAMS 0x0000000703800000, 0x0000000703800000| Untracked 
|  12|0x0000000703a00000, 0x0000000703a00000, 0x0000000703c00000|  0%| F|  |TAMS 0x0000000703a00000, 0x0000000703a00000| Untracked 
|  13|0x0000000703c00000, 0x0000000703c00000, 0x0000000703e00000|  0%| F|  |TAMS 0x0000000703c00000, 0x0000000703c00000| Untracked 
|  14|0x0000000703e00000, 0x0000000703e00000, 0x0000000704000000|  0%| F|  |TAMS 0x0000000703e00000, 0x0000000703e00000| Untracked 
|  15|0x0000000704000000, 0x0000000704000000, 0x0000000704200000|  0%| F|  |TAMS 0x0000000704000000, 0x0000000704000000| Untracked 
|  16|0x0000000704200000, 0x0000000704200000, 0x0000000704400000|  0%| F|  |TAMS 0x0000000704200000, 0x0000000704200000| Untracked 
|  17|0x0000000704400000, 0x0000000704400000, 0x0000000704600000|  0%| F|  |TAMS 0x0000000704400000, 0x0000000704400000| Untracked 
|  18|0x0000000704600000, 0x0000000704600000, 0x0000000704800000|  0%| F|  |TAMS 0x0000000704600000, 0x0000000704600000| Untracked 
|  19|0x0000000704800000, 0x0000000704800000, 0x0000000704a00000|  0%| F|  |TAMS 0x0000000704800000, 0x0000000704800000| Untracked 
|  20|0x0000000704a00000, 0x0000000704a00000, 0x0000000704c00000|  0%| F|  |TAMS 0x0000000704a00000, 0x0000000704a00000| Untracked 
|  21|0x0000000704c00000, 0x0000000704c00000, 0x0000000704e00000|  0%| F|  |TAMS 0x0000000704c00000, 0x0000000704c00000| Untracked 
|  22|0x0000000704e00000, 0x0000000704e00000, 0x0000000705000000|  0%| F|  |TAMS 0x0000000704e00000, 0x0000000704e00000| Untracked 
|  23|0x0000000705000000, 0x0000000705000000, 0x0000000705200000|  0%| F|  |TAMS 0x0000000705000000, 0x0000000705000000| Untracked 
|  24|0x0000000705200000, 0x0000000705200000, 0x0000000705400000|  0%| F|  |TAMS 0x0000000705200000, 0x0000000705200000| Untracked 
|  25|0x0000000705400000, 0x0000000705400000, 0x0000000705600000|  0%| F|  |TAMS 0x0000000705400000, 0x0000000705400000| Untracked 
|  26|0x0000000705600000, 0x0000000705600000, 0x0000000705800000|  0%| F|  |TAMS 0x0000000705600000, 0x0000000705600000| Untracked 
|  27|0x0000000705800000, 0x0000000705800000, 0x0000000705a00000|  0%| F|  |TAMS 0x0000000705800000, 0x0000000705800000| Untracked 
|  28|0x0000000705a00000, 0x0000000705a00000, 0x0000000705c00000|  0%| F|  |TAMS 0x0000000705a00000, 0x0000000705a00000| Untracked 
|  29|0x0000000705c00000, 0x0000000705c00000, 0x0000000705e00000|  0%| F|  |TAMS 0x0000000705c00000, 0x0000000705c00000| Untracked 
|  30|0x0000000705e00000, 0x0000000705e00000, 0x0000000706000000|  0%| F|  |TAMS 0x0000000705e00000, 0x0000000705e00000| Untracked 
|  31|0x0000000706000000, 0x0000000706000000, 0x0000000706200000|  0%| F|  |TAMS 0x0000000706000000, 0x0000000706000000| Untracked 
|  32|0x0000000706200000, 0x0000000706200000, 0x0000000706400000|  0%| F|  |TAMS 0x0000000706200000, 0x0000000706200000| Untracked 
|  33|0x0000000706400000, 0x0000000706400000, 0x0000000706600000|  0%| F|  |TAMS 0x0000000706400000, 0x0000000706400000| Untracked 
|  34|0x0000000706600000, 0x0000000706600000, 0x0000000706800000|  0%| F|  |TAMS 0x0000000706600000, 0x0000000706600000| Untracked 
|  35|0x0000000706800000, 0x0000000706800000, 0x0000000706a00000|  0%| F|  |TAMS 0x0000000706800000, 0x0000000706800000| Untracked 
|  36|0x0000000706a00000, 0x0000000706a00000, 0x0000000706c00000|  0%| F|  |TAMS 0x0000000706a00000, 0x0000000706a00000| Untracked 
|  37|0x0000000706c00000, 0x0000000706c00000, 0x0000000706e00000|  0%| F|  |TAMS 0x0000000706c00000, 0x0000000706c00000| Untracked 
|  38|0x0000000706e00000, 0x0000000706e00000, 0x0000000707000000|  0%| F|  |TAMS 0x0000000706e00000, 0x0000000706e00000| Untracked 
|  39|0x0000000707000000, 0x0000000707000000, 0x0000000707200000|  0%| F|  |TAMS 0x0000000707000000, 0x0000000707000000| Untracked 
|  40|0x0000000707200000, 0x0000000707200000, 0x0000000707400000|  0%| F|  |TAMS 0x0000000707200000, 0x0000000707200000| Untracked 
|  41|0x0000000707400000, 0x0000000707400000, 0x0000000707600000|  0%| F|  |TAMS 0x0000000707400000, 0x0000000707400000| Untracked 
|  42|0x0000000707600000, 0x0000000707600000, 0x0000000707800000|  0%| F|  |TAMS 0x0000000707600000, 0x0000000707600000| Untracked 
|  43|0x0000000707800000, 0x0000000707800000, 0x0000000707a00000|  0%| F|  |TAMS 0x0000000707800000, 0x0000000707800000| Untracked 
|  44|0x0000000707a00000, 0x0000000707a00000, 0x0000000707c00000|  0%| F|  |TAMS 0x0000000707a00000, 0x0000000707a00000| Untracked 
|  45|0x0000000707c00000, 0x0000000707c00000, 0x0000000707e00000|  0%| F|  |TAMS 0x0000000707c00000, 0x0000000707c00000| Untracked 
|  46|0x0000000707e00000, 0x0000000707e00000, 0x0000000708000000|  0%| F|  |TAMS 0x0000000707e00000, 0x0000000707e00000| Untracked 
|  47|0x0000000708000000, 0x0000000708000000, 0x0000000708200000|  0%| F|  |TAMS 0x0000000708000000, 0x0000000708000000| Untracked 
|  48|0x0000000708200000, 0x0000000708200000, 0x0000000708400000|  0%| F|  |TAMS 0x0000000708200000, 0x0000000708200000| Untracked 
|  49|0x0000000708400000, 0x0000000708400000, 0x0000000708600000|  0%| F|  |TAMS 0x0000000708400000, 0x0000000708400000| Untracked 
|  50|0x0000000708600000, 0x0000000708600000, 0x0000000708800000|  0%| F|  |TAMS 0x0000000708600000, 0x0000000708600000| Untracked 
|  51|0x0000000708800000, 0x0000000708800000, 0x0000000708a00000|  0%| F|  |TAMS 0x0000000708800000, 0x0000000708800000| Untracked 
|  52|0x0000000708a00000, 0x0000000708a00000, 0x0000000708c00000|  0%| F|  |TAMS 0x0000000708a00000, 0x0000000708a00000| Untracked 
|  53|0x0000000708c00000, 0x0000000708c00000, 0x0000000708e00000|  0%| F|  |TAMS 0x0000000708c00000, 0x0000000708c00000| Untracked 
|  54|0x0000000708e00000, 0x0000000708e00000, 0x0000000709000000|  0%| F|  |TAMS 0x0000000708e00000, 0x0000000708e00000| Untracked 
|  55|0x0000000709000000, 0x0000000709000000, 0x0000000709200000|  0%| F|  |TAMS 0x0000000709000000, 0x0000000709000000| Untracked 
|  56|0x0000000709200000, 0x0000000709200000, 0x0000000709400000|  0%| F|  |TAMS 0x0000000709200000, 0x0000000709200000| Untracked 
|  57|0x0000000709400000, 0x0000000709400000, 0x0000000709600000|  0%| F|  |TAMS 0x0000000709400000, 0x0000000709400000| Untracked 
|  58|0x0000000709600000, 0x0000000709600000, 0x0000000709800000|  0%| F|  |TAMS 0x0000000709600000, 0x0000000709600000| Untracked 
|  59|0x0000000709800000, 0x0000000709800000, 0x0000000709a00000|  0%| F|  |TAMS 0x0000000709800000, 0x0000000709800000| Untracked 
|  60|0x0000000709a00000, 0x0000000709a00000, 0x0000000709c00000|  0%| F|  |TAMS 0x0000000709a00000, 0x0000000709a00000| Untracked 
|  61|0x0000000709c00000, 0x0000000709c00000, 0x0000000709e00000|  0%| F|  |TAMS 0x0000000709c00000, 0x0000000709c00000| Untracked 
|  62|0x0000000709e00000, 0x0000000709e00000, 0x000000070a000000|  0%| F|  |TAMS 0x0000000709e00000, 0x0000000709e00000| Untracked 
|  63|0x000000070a000000, 0x000000070a000000, 0x000000070a200000|  0%| F|  |TAMS 0x000000070a000000, 0x000000070a000000| Untracked 
|  64|0x000000070a200000, 0x000000070a200000, 0x000000070a400000|  0%| F|  |TAMS 0x000000070a200000, 0x000000070a200000| Untracked 
|  65|0x000000070a400000, 0x000000070a400000, 0x000000070a600000|  0%| F|  |TAMS 0x000000070a400000, 0x000000070a400000| Untracked 
|  66|0x000000070a600000, 0x000000070a600000, 0x000000070a800000|  0%| F|  |TAMS 0x000000070a600000, 0x000000070a600000| Untracked 
|  67|0x000000070a800000, 0x000000070a800000, 0x000000070aa00000|  0%| F|  |TAMS 0x000000070a800000, 0x000000070a800000| Untracked 
|  68|0x000000070aa00000, 0x000000070aa00000, 0x000000070ac00000|  0%| F|  |TAMS 0x000000070aa00000, 0x000000070aa00000| Untracked 
|  69|0x000000070ac00000, 0x000000070ac00000, 0x000000070ae00000|  0%| F|  |TAMS 0x000000070ac00000, 0x000000070ac00000| Untracked 
|  70|0x000000070ae00000, 0x000000070ae00000, 0x000000070b000000|  0%| F|  |TAMS 0x000000070ae00000, 0x000000070ae00000| Untracked 
|  71|0x000000070b000000, 0x000000070b000000, 0x000000070b200000|  0%| F|  |TAMS 0x000000070b000000, 0x000000070b000000| Untracked 
|  72|0x000000070b200000, 0x000000070b200000, 0x000000070b400000|  0%| F|  |TAMS 0x000000070b200000, 0x000000070b200000| Untracked 
|  73|0x000000070b400000, 0x000000070b400000, 0x000000070b600000|  0%| F|  |TAMS 0x000000070b400000, 0x000000070b400000| Untracked 
|  74|0x000000070b600000, 0x000000070b600000, 0x000000070b800000|  0%| F|  |TAMS 0x000000070b600000, 0x000000070b600000| Untracked 
|  75|0x000000070b800000, 0x000000070b800000, 0x000000070ba00000|  0%| F|  |TAMS 0x000000070b800000, 0x000000070b800000| Untracked 
|  76|0x000000070ba00000, 0x000000070ba00000, 0x000000070bc00000|  0%| F|  |TAMS 0x000000070ba00000, 0x000000070ba00000| Untracked 
|  77|0x000000070bc00000, 0x000000070bc00000, 0x000000070be00000|  0%| F|  |TAMS 0x000000070bc00000, 0x000000070bc00000| Untracked 
|  78|0x000000070be00000, 0x000000070be00000, 0x000000070c000000|  0%| F|  |TAMS 0x000000070be00000, 0x000000070be00000| Untracked 
|  79|0x000000070c000000, 0x000000070c000000, 0x000000070c200000|  0%| F|  |TAMS 0x000000070c000000, 0x000000070c000000| Untracked 
|  80|0x000000070c200000, 0x000000070c200000, 0x000000070c400000|  0%| F|  |TAMS 0x000000070c200000, 0x000000070c200000| Untracked 
|  81|0x000000070c400000, 0x000000070c400000, 0x000000070c600000|  0%| F|  |TAMS 0x000000070c400000, 0x000000070c400000| Untracked 
|  82|0x000000070c600000, 0x000000070c600000, 0x000000070c800000|  0%| F|  |TAMS 0x000000070c600000, 0x000000070c600000| Untracked 
|  83|0x000000070c800000, 0x000000070c800000, 0x000000070ca00000|  0%| F|  |TAMS 0x000000070c800000, 0x000000070c800000| Untracked 
|  84|0x000000070ca00000, 0x000000070ca00000, 0x000000070cc00000|  0%| F|  |TAMS 0x000000070ca00000, 0x000000070ca00000| Untracked 
|  85|0x000000070cc00000, 0x000000070cc00000, 0x000000070ce00000|  0%| F|  |TAMS 0x000000070cc00000, 0x000000070cc00000| Untracked 
|  86|0x000000070ce00000, 0x000000070ce00000, 0x000000070d000000|  0%| F|  |TAMS 0x000000070ce00000, 0x000000070ce00000| Untracked 
|  87|0x000000070d000000, 0x000000070d000000, 0x000000070d200000|  0%| F|  |TAMS 0x000000070d000000, 0x000000070d000000| Untracked 
|  88|0x000000070d200000, 0x000000070d200000, 0x000000070d400000|  0%| F|  |TAMS 0x000000070d200000, 0x000000070d200000| Untracked 
|  89|0x000000070d400000, 0x000000070d400000, 0x000000070d600000|  0%| F|  |TAMS 0x000000070d400000, 0x000000070d400000| Untracked 
|  90|0x000000070d600000, 0x000000070d600000, 0x000000070d800000|  0%| F|  |TAMS 0x000000070d600000, 0x000000070d600000| Untracked 
|  91|0x000000070d800000, 0x000000070d800000, 0x000000070da00000|  0%| F|  |TAMS 0x000000070d800000, 0x000000070d800000| Untracked 
|  92|0x000000070da00000, 0x000000070da00000, 0x000000070dc00000|  0%| F|  |TAMS 0x000000070da00000, 0x000000070da00000| Untracked 
|  93|0x000000070dc00000, 0x000000070dc00000, 0x000000070de00000|  0%| F|  |TAMS 0x000000070dc00000, 0x000000070dc00000| Untracked 
|  94|0x000000070de00000, 0x000000070de2e4b0, 0x000000070e000000|  9%| S|CS|TAMS 0x000000070de00000, 0x000000070de00000| Complete 
|  95|0x000000070e000000, 0x000000070e200000, 0x000000070e200000|100%| S|CS|TAMS 0x000000070e000000, 0x000000070e000000| Complete 
|  96|0x000000070e200000, 0x000000070e400000, 0x000000070e400000|100%| S|CS|TAMS 0x000000070e200000, 0x000000070e200000| Complete 
|  97|0x000000070e400000, 0x000000070e600000, 0x000000070e600000|100%| S|CS|TAMS 0x000000070e400000, 0x000000070e400000| Complete 
|  98|0x000000070e600000, 0x000000070e600000, 0x000000070e800000|  0%| F|  |TAMS 0x000000070e600000, 0x000000070e600000| Untracked 
|  99|0x000000070e800000, 0x000000070e800000, 0x000000070ea00000|  0%| F|  |TAMS 0x000000070e800000, 0x000000070e800000| Untracked 
| 100|0x000000070ea00000, 0x000000070ea00000, 0x000000070ec00000|  0%| F|  |TAMS 0x000000070ea00000, 0x000000070ea00000| Untracked 
| 101|0x000000070ec00000, 0x000000070ec00000, 0x000000070ee00000|  0%| F|  |TAMS 0x000000070ec00000, 0x000000070ec00000| Untracked 
| 102|0x000000070ee00000, 0x000000070ee00000, 0x000000070f000000|  0%| F|  |TAMS 0x000000070ee00000, 0x000000070ee00000| Untracked 
| 103|0x000000070f000000, 0x000000070f000000, 0x000000070f200000|  0%| F|  |TAMS 0x000000070f000000, 0x000000070f000000| Untracked 
| 104|0x000000070f200000, 0x000000070f200000, 0x000000070f400000|  0%| F|  |TAMS 0x000000070f200000, 0x000000070f200000| Untracked 
| 105|0x000000070f400000, 0x000000070f400000, 0x000000070f600000|  0%| F|  |TAMS 0x000000070f400000, 0x000000070f400000| Untracked 
| 106|0x000000070f600000, 0x000000070f600000, 0x000000070f800000|  0%| F|  |TAMS 0x000000070f600000, 0x000000070f600000| Untracked 
| 107|0x000000070f800000, 0x000000070f800000, 0x000000070fa00000|  0%| F|  |TAMS 0x000000070f800000, 0x000000070f800000| Untracked 
| 108|0x000000070fa00000, 0x000000070fa00000, 0x000000070fc00000|  0%| F|  |TAMS 0x000000070fa00000, 0x000000070fa00000| Untracked 
| 109|0x000000070fc00000, 0x000000070fc00000, 0x000000070fe00000|  0%| F|  |TAMS 0x000000070fc00000, 0x000000070fc00000| Untracked 
| 110|0x000000070fe00000, 0x000000070fe00000, 0x0000000710000000|  0%| F|  |TAMS 0x000000070fe00000, 0x000000070fe00000| Untracked 
| 111|0x0000000710000000, 0x0000000710000000, 0x0000000710200000|  0%| F|  |TAMS 0x0000000710000000, 0x0000000710000000| Untracked 
| 112|0x0000000710200000, 0x0000000710200000, 0x0000000710400000|  0%| F|  |TAMS 0x0000000710200000, 0x0000000710200000| Untracked 
| 113|0x0000000710400000, 0x0000000710400000, 0x0000000710600000|  0%| F|  |TAMS 0x0000000710400000, 0x0000000710400000| Untracked 
| 114|0x0000000710600000, 0x0000000710600000, 0x0000000710800000|  0%| F|  |TAMS 0x0000000710600000, 0x0000000710600000| Untracked 
| 115|0x0000000710800000, 0x0000000710800000, 0x0000000710a00000|  0%| F|  |TAMS 0x0000000710800000, 0x0000000710800000| Untracked 
| 116|0x0000000710a00000, 0x0000000710a00000, 0x0000000710c00000|  0%| F|  |TAMS 0x0000000710a00000, 0x0000000710a00000| Untracked 
| 117|0x0000000710c00000, 0x0000000710c00000, 0x0000000710e00000|  0%| F|  |TAMS 0x0000000710c00000, 0x0000000710c00000| Untracked 
| 118|0x0000000710e00000, 0x0000000710e00000, 0x0000000711000000|  0%| F|  |TAMS 0x0000000710e00000, 0x0000000710e00000| Untracked 
| 119|0x0000000711000000, 0x0000000711000000, 0x0000000711200000|  0%| F|  |TAMS 0x0000000711000000, 0x0000000711000000| Untracked 
| 120|0x0000000711200000, 0x0000000711200000, 0x0000000711400000|  0%| F|  |TAMS 0x0000000711200000, 0x0000000711200000| Untracked 
| 121|0x0000000711400000, 0x0000000711400000, 0x0000000711600000|  0%| F|  |TAMS 0x0000000711400000, 0x0000000711400000| Untracked 
| 122|0x0000000711600000, 0x0000000711600000, 0x0000000711800000|  0%| F|  |TAMS 0x0000000711600000, 0x0000000711600000| Untracked 
| 123|0x0000000711800000, 0x0000000711800000, 0x0000000711a00000|  0%| F|  |TAMS 0x0000000711800000, 0x0000000711800000| Untracked 
| 124|0x0000000711a00000, 0x0000000711a00000, 0x0000000711c00000|  0%| F|  |TAMS 0x0000000711a00000, 0x0000000711a00000| Untracked 
| 125|0x0000000711c00000, 0x0000000711c00800, 0x0000000711e00000|  0%| E|  |TAMS 0x0000000711c00000, 0x0000000711c00000| Complete 
| 126|0x0000000711e00000, 0x0000000712000000, 0x0000000712000000|100%| E|CS|TAMS 0x0000000711e00000, 0x0000000711e00000| Complete 

Card table byte_map: [0x000002216f8b0000,0x00000221700a0000] _byte_map_base: 0x000002216c09f000

Marking Bits (Prev, Next): (CMBitMap*) 0x00000221581040b0, (CMBitMap*) 0x00000221581040f0
 Prev Bits: [0x0000022170890000, 0x0000022174808000)
 Next Bits: [0x0000022174810000, 0x0000022178788000)

Polling page: 0x0000022156060000

Metaspace:

Usage:
  Non-class:     13.46 MB used.
      Class:      1.21 MB used.
       Both:     14.67 MB used.

Virtual space:
  Non-class space:       16.00 MB reserved,      13.56 MB ( 85%) committed,  2 nodes.
      Class space:        1.00 GB reserved,       1.31 MB ( <1%) committed,  1 nodes.
             Both:        1.02 GB reserved,      14.88 MB (  1%) committed. 

Chunk freelists:
   Non-Class:  1.16 MB
       Class:  2.70 MB
        Both:  3.86 MB

MaxMetaspaceSize: unlimited
CompressedClassSpaceSize: 1.00 GB
Initial GC threshold: 21.00 MB
Current GC threshold: 21.00 MB
CDS: on
MetaspaceReclaimPolicy: balanced
 - commit_granule_bytes: 65536.
 - commit_granule_words: 8192.
 - virtual_space_node_default_size: 1048576.
 - enlarge_chunks_in_place: 1.
 - new_chunks_are_fully_committed: 0.
 - uncommit_free_chunks: 1.
 - use_allocation_guard: 0.
 - handle_deallocations: 1.


Internal statistics:

num_allocs_failed_limit: 0.
num_arena_births: 192.
num_arena_deaths: 0.
num_vsnodes_births: 3.
num_vsnodes_deaths: 0.
num_space_committed: 236.
num_space_uncommitted: 0.
num_chunks_returned_to_freelist: 0.
num_chunks_taken_from_freelist: 660.
num_chunk_merges: 0.
num_chunk_splits: 501.
num_chunks_enlarged: 414.
num_purges: 0.
num_inconsistent_stats: 0.

CodeHeap 'non-profiled nmethods': size=120000Kb used=2662Kb max_used=2662Kb free=117337Kb
 bounds [0x0000022167630000, 0x00000221678d0000, 0x000002216eb60000]
CodeHeap 'profiled nmethods': size=120000Kb used=6039Kb max_used=6039Kb free=113960Kb
 bounds [0x0000022160100000, 0x00000221606f0000, 0x0000022167630000]
CodeHeap 'non-nmethods': size=5760Kb used=1958Kb max_used=2034Kb free=3802Kb
 bounds [0x000002215fb60000, 0x000002215fdd0000, 0x0000022160100000]
 total_blobs=4782 nmethods=3290 adapters=1404
 compilation: enabled
              stopped_count=0, restarted_count=0
 full_count=0

Compilation events (20 events):
Event: 11.559 Thread 0x000002217b468b80 3275       4       com.badlogic.gdx.graphics.OrthographicCamera::update (6 bytes)
Event: 11.580 Thread 0x000002217b468b80 nmethod 3275 0x00000221678c2d10 code [0x00000221678c2fe0, 0x00000221678c3a50]
Event: 11.580 Thread 0x000002217b468b80 3276       4       com.badlogic.gdx.graphics.g2d.Animation::getKeyFrameIndex (219 bytes)
Event: 11.582 Thread 0x000002217b468b80 nmethod 3276 0x00000221678c4190 code [0x00000221678c4320, 0x00000221678c4498]
Event: 11.658 Thread 0x000002217b469620 3277       3       shaders.Shaders::i (20 bytes)
Event: 11.659 Thread 0x000002217b469620 nmethod 3277 0x00000221606e3090 code [0x00000221606e3240, 0x00000221606e3488]
Event: 11.659 Thread 0x000002217b469620 3278       3       shaders.PickerShader::render (73 bytes)
Event: 11.659 Thread 0x000002217b469620 nmethod 3278 0x00000221606e3590 code [0x00000221606e37a0, 0x00000221606e3e38]
Event: 11.659 Thread 0x000002217b469620 3279       3       com.badlogic.gdx.graphics.g3d.model.MeshPart::render (21 bytes)
Event: 11.660 Thread 0x000002217b469620 nmethod 3279 0x00000221606e4210 code [0x00000221606e43c0, 0x00000221606e4528]
Event: 11.669 Thread 0x000002217b468b80 3280       4       jdk.internal.misc.Unsafe::checkPointer (19 bytes)
Event: 11.670 Thread 0x000002217b468b80 nmethod 3280 0x00000221678c4610 code [0x00000221678c4780, 0x00000221678c4838]
Event: 11.675 Thread 0x000002217b469620 3281   !   3       java.io.BufferedWriter::write (117 bytes)
Event: 11.675 Thread 0x000002217b468b80 3283       4       java.nio.ByteBuffer::arrayOffset (35 bytes)
Event: 11.676 Thread 0x000002217b468b80 nmethod 3283 0x00000221678c4910 code [0x00000221678c4a80, 0x00000221678c4b38]
Event: 11.676 Thread 0x000002217b469620 nmethod 3281 0x00000221606e4610 code [0x00000221606e4800, 0x00000221606e4e08]
Event: 11.676 Thread 0x000002217b469620 3282       3       java.io.BufferedWriter::min (9 bytes)
Event: 11.676 Thread 0x000002217b469620 nmethod 3282 0x00000221606e5190 code [0x00000221606e5320, 0x00000221606e5498]
Event: 11.676 Thread 0x000002217b469620 3284       3       java.lang.ref.ReferenceQueue::reallyPoll (65 bytes)
Event: 11.677 Thread 0x000002217b469620 nmethod 3284 0x00000221606e5510 code [0x00000221606e56e0, 0x00000221606e5c38]

GC Heap History (6 events):
Event: 2.350 GC heap before
{Heap before GC invocations=0 (full 0):
 garbage-first heap   total 260096K, used 22528K [0x0000000702200000, 0x0000000800000000)
  region size 2048K, 11 young (22528K), 0 survivors (0K)
 Metaspace       used 6958K, committed 7104K, reserved 1064960K
  class space    used 500K, committed 576K, reserved 1048576K
}
Event: 2.356 GC heap after
{Heap after GC invocations=1 (full 0):
 garbage-first heap   total 260096K, used 3835K [0x0000000702200000, 0x0000000800000000)
  region size 2048K, 2 young (4096K), 2 survivors (4096K)
 Metaspace       used 6958K, committed 7104K, reserved 1064960K
  class space    used 500K, committed 576K, reserved 1048576K
}
Event: 4.127 GC heap before
{Heap before GC invocations=1 (full 0):
 garbage-first heap   total 260096K, used 30459K [0x0000000702200000, 0x0000000800000000)
  region size 2048K, 16 young (32768K), 2 survivors (4096K)
 Metaspace       used 10336K, committed 10560K, reserved 1064960K
  class space    used 832K, committed 960K, reserved 1048576K
}
Event: 4.133 GC heap after
{Heap after GC invocations=2 (full 0):
 garbage-first heap   total 260096K, used 5537K [0x0000000702200000, 0x0000000800000000)
  region size 2048K, 1 young (2048K), 1 survivors (2048K)
 Metaspace       used 10336K, committed 10560K, reserved 1064960K
  class space    used 832K, committed 960K, reserved 1048576K
}
Event: 11.663 GC heap before
{Heap before GC invocations=2 (full 0):
 garbage-first heap   total 260096K, used 171425K [0x0000000702200000, 0x0000000800000000)
  region size 2048K, 29 young (59392K), 1 survivors (2048K)
 Metaspace       used 15020K, committed 15232K, reserved 1064960K
  class space    used 1239K, committed 1344K, reserved 1048576K
}
Event: 11.669 GC heap after
{Heap after GC invocations=3 (full 0):
 garbage-first heap   total 260096K, used 9934K [0x0000000702200000, 0x0000000800000000)
  region size 2048K, 4 young (8192K), 4 survivors (8192K)
 Metaspace       used 15020K, committed 15232K, reserved 1064960K
  class space    used 1239K, committed 1344K, reserved 1048576K
}

Dll operation events (10 events):
Event: 0.013 Loaded shared library C:\Program Files\Eclipse Adoptium\jdk-17.0.5.8-hotspot\bin\java.dll
Event: 0.028 Loaded shared library C:\Program Files\Eclipse Adoptium\jdk-17.0.5.8-hotspot\bin\jsvml.dll
Event: 0.185 Loaded shared library C:\Program Files\Eclipse Adoptium\jdk-17.0.5.8-hotspot\bin\net.dll
Event: 0.187 Loaded shared library C:\Program Files\Eclipse Adoptium\jdk-17.0.5.8-hotspot\bin\nio.dll
Event: 0.191 Loaded shared library C:\Program Files\Eclipse Adoptium\jdk-17.0.5.8-hotspot\bin\zip.dll
Event: 0.435 Loaded shared library C:\Program Files\Eclipse Adoptium\jdk-17.0.5.8-hotspot\bin\jimage.dll
Event: 0.447 Loaded shared library C:\Users\Jamie\AppData\Local\Temp\libgdxJamie\e787ab0a\gdx64.dll
Event: 0.570 Loaded shared library C:\Users\Jamie\AppData\Local\Temp\lwjgl_Jamie\3.3.2+13\x64\lwjgl.dll
Event: 1.655 Loaded shared library C:\Users\Jamie\AppData\Local\Temp\lwjgl_Jamie\3.3.2+13\x64\lwjgl_opengl.dll
Event: 2.641 Loaded shared library C:\Users\Jamie\AppData\Local\Temp\libgdxJamie\24e58be8\gdx-bullet64.dll

Deoptimization events (20 events):
Event: 7.629 Thread 0x00000221580968b0 Uncommon trap: trap_request=0xffffff45 fr.pc=0x000002216772e63c relative=0x0000000000000adc
Event: 7.629 Thread 0x00000221580968b0 Uncommon trap: reason=unstable_if action=reinterpret pc=0x000002216772e63c method=com.badlogic.gdx.utils.TimSort.doSort([Ljava/lang/Object;Ljava/util/Comparator;II)V @ 30 c2
Event: 7.629 Thread 0x00000221580968b0 DEOPT PACKING pc=0x000002216772e63c sp=0x0000006cd6cfef00
Event: 7.629 Thread 0x00000221580968b0 DEOPT UNPACKING pc=0x000002215fbb23a3 sp=0x0000006cd6cfeea8 mode 2
Event: 7.813 Thread 0x00000221580968b0 Uncommon trap: trap_request=0xffffffde fr.pc=0x000002216784eb48 relative=0x0000000000000128
Event: 7.813 Thread 0x00000221580968b0 Uncommon trap: reason=class_check action=maybe_recompile pc=0x000002216784eb48 method=jdk.internal.misc.Unsafe.allocateUninitializedArray(Ljava/lang/Class;I)Ljava/lang/Object; @ 51 c2
Event: 7.813 Thread 0x00000221580968b0 DEOPT PACKING pc=0x000002216784eb48 sp=0x0000006cd6cfee30
Event: 7.813 Thread 0x00000221580968b0 DEOPT UNPACKING pc=0x000002215fbb23a3 sp=0x0000006cd6cfedb8 mode 2
Event: 7.813 Thread 0x00000221580968b0 Uncommon trap: trap_request=0xffffffde fr.pc=0x000002216784eb48 relative=0x0000000000000128
Event: 7.813 Thread 0x00000221580968b0 Uncommon trap: reason=class_check action=maybe_recompile pc=0x000002216784eb48 method=jdk.internal.misc.Unsafe.allocateUninitializedArray(Ljava/lang/Class;I)Ljava/lang/Object; @ 51 c2
Event: 7.813 Thread 0x00000221580968b0 DEOPT PACKING pc=0x000002216784eb48 sp=0x0000006cd6cfedc0
Event: 7.813 Thread 0x00000221580968b0 DEOPT UNPACKING pc=0x000002215fbb23a3 sp=0x0000006cd6cfed48 mode 2
Event: 7.813 Thread 0x00000221580968b0 Uncommon trap: trap_request=0xffffffde fr.pc=0x000002216784eb48 relative=0x0000000000000128
Event: 7.813 Thread 0x00000221580968b0 Uncommon trap: reason=class_check action=maybe_recompile pc=0x000002216784eb48 method=jdk.internal.misc.Unsafe.allocateUninitializedArray(Ljava/lang/Class;I)Ljava/lang/Object; @ 51 c2
Event: 7.813 Thread 0x00000221580968b0 DEOPT PACKING pc=0x000002216784eb48 sp=0x0000006cd6cfedf0
Event: 7.813 Thread 0x00000221580968b0 DEOPT UNPACKING pc=0x000002215fbb23a3 sp=0x0000006cd6cfed78 mode 2
Event: 7.815 Thread 0x00000221580968b0 Uncommon trap: trap_request=0xffffffde fr.pc=0x000002216784eb48 relative=0x0000000000000128
Event: 7.815 Thread 0x00000221580968b0 Uncommon trap: reason=class_check action=maybe_recompile pc=0x000002216784eb48 method=jdk.internal.misc.Unsafe.allocateUninitializedArray(Ljava/lang/Class;I)Ljava/lang/Object; @ 51 c2
Event: 7.815 Thread 0x00000221580968b0 DEOPT PACKING pc=0x000002216784eb48 sp=0x0000006cd6cfee30
Event: 7.815 Thread 0x00000221580968b0 DEOPT UNPACKING pc=0x000002215fbb23a3 sp=0x0000006cd6cfedb8 mode 2

Classes unloaded (0 events):
No events

Classes redefined (0 events):
No events

Internal exceptions (20 events):
Event: 0.665 Thread 0x00000221580968b0 Exception <a 'java/lang/NoSuchMethodError'{0x000000071146df60}: 'int java.lang.invoke.DirectMethodHandle$Holder.invokeStaticInit(java.lang.Object, java.lang.Object, int, long)'> (0x000000071146df60) 
thrown [s\src\hotspot\share\interpreter\linkResolver.cpp, line 759]
Event: 0.666 Thread 0x00000221580968b0 Exception <a 'java/lang/NoSuchMethodError'{0x0000000711473a78}: 'java.lang.Object java.lang.invoke.DirectMethodHandle$Holder.newInvokeSpecial(java.lang.Object, java.lang.Object, int)'> (0x0000000711473a78) 
thrown [s\src\hotspot\share\interpreter\linkResolver.cpp, line 759]
Event: 0.671 Thread 0x00000221580968b0 Exception <a 'java/lang/NoSuchMethodError'{0x0000000711488780}: 'int java.lang.invoke.DirectMethodHandle$Holder.invokeStaticInit(java.lang.Object, java.lang.Object, long, long)'> (0x0000000711488780) 
thrown [s\src\hotspot\share\interpreter\linkResolver.cpp, line 759]
Event: 0.673 Thread 0x00000221580968b0 Exception <a 'java/lang/NoSuchMethodError'{0x000000071148e508}: 'java.lang.Object java.lang.invoke.DirectMethodHandle$Holder.newInvokeSpecial(java.lang.Object, java.lang.Object, long)'> (0x000000071148e508) 
thrown [s\src\hotspot\share\interpreter\linkResolver.cpp, line 759]
Event: 0.674 Thread 0x00000221580968b0 Exception <a 'java/lang/NoSuchMethodError'{0x0000000711491dd0}: 'java.lang.Object java.lang.invoke.Invokers$Holder.linkToTargetMethod(java.lang.Object, long, java.lang.Object)'> (0x0000000711491dd0) 
thrown [s\src\hotspot\share\interpreter\linkResolver.cpp, line 759]
Event: 0.675 Thread 0x00000221580968b0 Exception <a 'java/lang/NoSuchMethodError'{0x00000007114993d0}: 'int java.lang.invoke.DirectMethodHandle$Holder.invokeStaticInit(java.lang.Object, java.lang.Object, java.lang.Object, long)'> (0x00000007114993d0) 
thrown [s\src\hotspot\share\interpreter\linkResolver.cpp, line 759]
Event: 0.711 Thread 0x00000221580968b0 Exception <a 'sun/nio/fs/WindowsException'{0x0000000711552df8}> (0x0000000711552df8) 
thrown [s\src\hotspot\share\prims\jni.cpp, line 516]
Event: 0.711 Thread 0x00000221580968b0 Exception <a 'sun/nio/fs/WindowsException'{0x0000000711553188}> (0x0000000711553188) 
thrown [s\src\hotspot\share\prims\jni.cpp, line 516]
Event: 0.770 Thread 0x00000221580968b0 Exception <a 'sun/nio/fs/WindowsException'{0x0000000711218178}> (0x0000000711218178) 
thrown [s\src\hotspot\share\prims\jni.cpp, line 516]
Event: 0.771 Thread 0x00000221580968b0 Exception <a 'sun/nio/fs/WindowsException'{0x00000007112184d8}> (0x00000007112184d8) 
thrown [s\src\hotspot\share\prims\jni.cpp, line 516]
Event: 0.866 Thread 0x00000221580968b0 Exception <a 'sun/nio/fs/WindowsException'{0x00000007112a52d8}> (0x00000007112a52d8) 
thrown [s\src\hotspot\share\prims\jni.cpp, line 516]
Event: 0.866 Thread 0x00000221580968b0 Exception <a 'sun/nio/fs/WindowsException'{0x00000007112a5658}> (0x00000007112a5658) 
thrown [s\src\hotspot\share\prims\jni.cpp, line 516]
Event: 1.009 Thread 0x00000221580968b0 Exception <a 'java/lang/NoSuchMethodError'{0x00000007112eaa28}: 'java.lang.Object java.lang.invoke.DirectMethodHandle$Holder.newInvokeSpecial(java.lang.Object, long)'> (0x00000007112eaa28) 
thrown [s\src\hotspot\share\interpreter\linkResolver.cpp, line 759]
Event: 1.614 Thread 0x00000221580968b0 Exception <a 'java/lang/NoSuchMethodError'{0x000000071100e480}: 'void java.lang.invoke.DirectMethodHandle$Holder.invokeStatic(java.lang.Object, long)'> (0x000000071100e480) 
thrown [s\src\hotspot\share\interpreter\linkResolver.cpp, line 759]
Event: 1.652 Thread 0x00000221580968b0 Exception <a 'sun/nio/fs/WindowsException'{0x0000000711044920}> (0x0000000711044920) 
thrown [s\src\hotspot\share\prims\jni.cpp, line 516]
Event: 1.652 Thread 0x00000221580968b0 Exception <a 'sun/nio/fs/WindowsException'{0x0000000711044cc8}> (0x0000000711044cc8) 
thrown [s\src\hotspot\share\prims\jni.cpp, line 516]
Event: 1.662 Thread 0x00000221580968b0 Exception <a 'sun/nio/fs/WindowsException'{0x00000007110534f8}> (0x00000007110534f8) 
thrown [s\src\hotspot\share\prims\jni.cpp, line 516]
Event: 1.662 Thread 0x00000221580968b0 Exception <a 'sun/nio/fs/WindowsException'{0x00000007110537d8}> (0x00000007110537d8) 
thrown [s\src\hotspot\share\prims\jni.cpp, line 516]
Event: 2.254 Thread 0x00000221580968b0 Exception <a 'sun/nio/fs/WindowsException'{0x0000000710d4e578}> (0x0000000710d4e578) 
thrown [s\src\hotspot\share\prims\jni.cpp, line 516]
Event: 2.254 Thread 0x00000221580968b0 Exception <a 'sun/nio/fs/WindowsException'{0x0000000710d4e848}> (0x0000000710d4e848) 
thrown [s\src\hotspot\share\prims\jni.cpp, line 516]

VM Operations (20 events):
Event: 5.122 Executing VM operation: HandshakeAllThreads
Event: 5.122 Executing VM operation: HandshakeAllThreads done
Event: 5.247 Executing VM operation: HandshakeAllThreads
Event: 5.247 Executing VM operation: HandshakeAllThreads done
Event: 5.247 Executing VM operation: Cleanup
Event: 5.247 Executing VM operation: Cleanup done
Event: 5.693 Executing VM operation: ICBufferFull
Event: 5.693 Executing VM operation: ICBufferFull done
Event: 6.078 Executing VM operation: HandshakeAllThreads
Event: 6.078 Executing VM operation: HandshakeAllThreads done
Event: 6.974 Executing VM operation: ICBufferFull
Event: 6.975 Executing VM operation: ICBufferFull done
Event: 8.977 Executing VM operation: Cleanup
Event: 8.978 Executing VM operation: Cleanup done
Event: 9.985 Executing VM operation: Cleanup
Event: 9.985 Executing VM operation: Cleanup done
Event: 10.998 Executing VM operation: Cleanup
Event: 10.998 Executing VM operation: Cleanup done
Event: 11.663 Executing VM operation: G1TryInitiateConcMark
Event: 11.669 Executing VM operation: G1TryInitiateConcMark done

Events (20 events):
Event: 5.176 loading class java/lang/Class$AnnotationData
Event: 5.176 loading class java/lang/Class$AnnotationData done
Event: 5.194 loading class jdk/internal/vm/annotation/IntrinsicCandidate
Event: 5.194 loading class jdk/internal/vm/annotation/IntrinsicCandidate done
Event: 5.199 loading class java/lang/Throwable$WrappedPrintStream
Event: 5.199 loading class java/lang/Throwable$PrintStreamOrWriter
Event: 5.199 loading class java/lang/Throwable$PrintStreamOrWriter done
Event: 5.199 loading class java/lang/Throwable$WrappedPrintStream done
Event: 5.251 loading class java/util/regex/Pattern$Bound
Event: 5.251 loading class java/util/regex/Pattern$Bound done
Event: 5.252 loading class java/util/regex/Pattern$BnM
Event: 5.252 loading class java/util/regex/Pattern$BnM done
Event: 5.252 loading class java/util/regex/Pattern$SliceS
Event: 5.252 loading class java/util/regex/Pattern$SliceS done
Event: 5.506 Thread 0x000002211e914120 Thread added: 0x000002211e914120
Event: 6.406 Thread 0x000002211ed04450 Thread added: 0x000002211ed04450
Event: 8.928 Thread 0x000002211e914120 Thread exited: 0x000002211e914120
Event: 9.382 Thread 0x0000022107552a00 Thread exited: 0x0000022107552a00
Event: 11.100 Thread 0x000002211ebc3a80 Thread added: 0x000002211ebc3a80
Event: 11.302 Thread 0x000002211ebc3a80 Thread exited: 0x000002211ebc3a80


Dynamic libraries:
0x00007ff75b480000 - 0x00007ff75b48e000 	C:\Program Files\Eclipse Adoptium\jdk-17.0.5.8-hotspot\bin\java.exe
0x00007ff8b1a10000 - 0x00007ff8b1c24000 	C:\WINDOWS\SYSTEM32\ntdll.dll
0x00007ff8b0850000 - 0x00007ff8b0912000 	C:\WINDOWS\System32\KERNEL32.DLL
0x00007ff8af270000 - 0x00007ff8af613000 	C:\WINDOWS\System32\KERNELBASE.dll
0x00007ff8af150000 - 0x00007ff8af261000 	C:\WINDOWS\System32\ucrtbase.dll
0x00007ff892cb0000 - 0x00007ff892cc9000 	C:\Program Files\Eclipse Adoptium\jdk-17.0.5.8-hotspot\bin\VCRUNTIME140.dll
0x00007ff893b10000 - 0x00007ff893b27000 	C:\Program Files\Eclipse Adoptium\jdk-17.0.5.8-hotspot\bin\jli.dll
0x00007ff8b1820000 - 0x00007ff8b19cb000 	C:\WINDOWS\System32\USER32.dll
0x00007ff8af620000 - 0x00007ff8af646000 	C:\WINDOWS\System32\win32u.dll
0x00007ff89a2b0000 - 0x00007ff89a53f000 	C:\WINDOWS\WinSxS\amd64_microsoft.windows.common-controls_6595b64144ccf1df_6.0.23451.1000_none_eb02a5e418fa443a\COMCTL32.dll
0x00007ff8b17f0000 - 0x00007ff8b1819000 	C:\WINDOWS\System32\GDI32.dll
0x00007ff8afac0000 - 0x00007ff8afb67000 	C:\WINDOWS\System32\msvcrt.dll
0x00007ff8af6c0000 - 0x00007ff8af7d3000 	C:\WINDOWS\System32\gdi32full.dll
0x00007ff8af0b0000 - 0x00007ff8af14a000 	C:\WINDOWS\System32\msvcp_win.dll
0x00007ff8afa00000 - 0x00007ff8afa31000 	C:\WINDOWS\System32\IMM32.DLL
0x00007ff8981a0000 - 0x00007ff8981ac000 	C:\Program Files\Eclipse Adoptium\jdk-17.0.5.8-hotspot\bin\vcruntime140_1.dll
0x00007ff889c70000 - 0x00007ff889d01000 	C:\Program Files\Eclipse Adoptium\jdk-17.0.5.8-hotspot\bin\msvcp140.dll
0x00007ff85a5c0000 - 0x00007ff85b204000 	C:\Program Files\Eclipse Adoptium\jdk-17.0.5.8-hotspot\bin\server\jvm.dll
0x00007ff8afb90000 - 0x00007ff8afc3e000 	C:\WINDOWS\System32\ADVAPI32.dll
0x00007ff8afcb0000 - 0x00007ff8afd54000 	C:\WINDOWS\System32\sechost.dll
0x00007ff8b1510000 - 0x00007ff8b1627000 	C:\WINDOWS\System32\RPCRT4.dll
0x00007ff891a20000 - 0x00007ff891a29000 	C:\WINDOWS\SYSTEM32\WSOCK32.dll
0x00007ff89f5e0000 - 0x00007ff89f614000 	C:\WINDOWS\SYSTEM32\WINMM.dll
0x00007ff8a4c10000 - 0x00007ff8a4c1a000 	C:\WINDOWS\SYSTEM32\VERSION.dll
0x00007ff8af7e0000 - 0x00007ff8af851000 	C:\WINDOWS\System32\WS2_32.dll
0x00007ff8ade50000 - 0x00007ff8ade68000 	C:\WINDOWS\SYSTEM32\kernel.appcore.dll
0x00007ff898160000 - 0x00007ff89816a000 	C:\Program Files\Eclipse Adoptium\jdk-17.0.5.8-hotspot\bin\jimage.dll
0x00007ff8ac8d0000 - 0x00007ff8acafe000 	C:\WINDOWS\SYSTEM32\DBGHELP.DLL
0x00007ff8b0fd0000 - 0x00007ff8b1359000 	C:\WINDOWS\System32\combase.dll
0x00007ff8b0ef0000 - 0x00007ff8b0fc7000 	C:\WINDOWS\System32\OLEAUT32.dll
0x00007ff8a8130000 - 0x00007ff8a8162000 	C:\WINDOWS\SYSTEM32\dbgcore.DLL
0x00007ff8aeec0000 - 0x00007ff8aef3b000 	C:\WINDOWS\System32\bcryptPrimitives.dll
0x00007ff891aa0000 - 0x00007ff891ac5000 	C:\Program Files\Eclipse Adoptium\jdk-17.0.5.8-hotspot\bin\java.dll
0x00007ff888270000 - 0x00007ff888346000 	C:\Program Files\Eclipse Adoptium\jdk-17.0.5.8-hotspot\bin\jsvml.dll
0x00007ff8afd60000 - 0x00007ff8b057b000 	C:\WINDOWS\System32\SHELL32.dll
0x00007ff8acdf0000 - 0x00007ff8ad6d7000 	C:\WINDOWS\SYSTEM32\windows.storage.dll
0x00007ff8accb0000 - 0x00007ff8acdee000 	C:\WINDOWS\SYSTEM32\wintypes.dll
0x00007ff8b0750000 - 0x00007ff8b0843000 	C:\WINDOWS\System32\SHCORE.dll
0x00007ff8afc50000 - 0x00007ff8afcae000 	C:\WINDOWS\System32\shlwapi.dll
0x00007ff8aed30000 - 0x00007ff8aed51000 	C:\WINDOWS\SYSTEM32\profapi.dll
0x00007ff891b80000 - 0x00007ff891b99000 	C:\Program Files\Eclipse Adoptium\jdk-17.0.5.8-hotspot\bin\net.dll
0x00007ff8a73b0000 - 0x00007ff8a74e7000 	C:\WINDOWS\SYSTEM32\WINHTTP.dll
0x00007ff8ae330000 - 0x00007ff8ae399000 	C:\WINDOWS\system32\mswsock.dll
0x00007ff891b20000 - 0x00007ff891b35000 	C:\Program Files\Eclipse Adoptium\jdk-17.0.5.8-hotspot\bin\nio.dll
0x00007ff891a80000 - 0x00007ff891a98000 	C:\Program Files\Eclipse Adoptium\jdk-17.0.5.8-hotspot\bin\zip.dll
0x0000000062e60000 - 0x0000000062e89000 	C:\Users\Jamie\AppData\Local\Temp\libgdxJamie\e787ab0a\gdx64.dll
0x00007ff888660000 - 0x00007ff8886da000 	C:\Users\Jamie\AppData\Local\Temp\lwjgl_Jamie\3.3.2+13\x64\lwjgl.dll
0x00007ff8781c0000 - 0x00007ff878430000 	C:\Users\Jamie\AppData\Local\Temp\lwjgl_Jamie\3.3.2+13\x64\jemalloc.dll
0x00007ff887f70000 - 0x00007ff887ff2000 	C:\Users\Jamie\AppData\Local\Temp\lwjgl_Jamie\3.3.2+13\x64\glfw.dll
0x00007ff889ae0000 - 0x00007ff889b26000 	C:\WINDOWS\SYSTEM32\dinput8.dll
0x00007ff889020000 - 0x00007ff889031000 	C:\WINDOWS\SYSTEM32\xinput1_4.dll
0x00007ff8aeaf0000 - 0x00007ff8aeb3e000 	C:\WINDOWS\SYSTEM32\cfgmgr32.dll
0x00007ff8aeac0000 - 0x00007ff8aeaec000 	C:\WINDOWS\SYSTEM32\DEVOBJ.dll
0x00007ff8ac6e0000 - 0x00007ff8ac70b000 	C:\WINDOWS\SYSTEM32\dwmapi.dll
0x00007ff8855e0000 - 0x00007ff8857ea000 	C:\WINDOWS\SYSTEM32\inputhost.dll
0x00007ff8ab9e0000 - 0x00007ff8abb13000 	C:\WINDOWS\SYSTEM32\CoreMessaging.dll
0x00007ff8ac2d0000 - 0x00007ff8ac37b000 	C:\WINDOWS\system32\uxtheme.dll
0x00007ff8ae5b0000 - 0x00007ff8ae5bc000 	C:\WINDOWS\SYSTEM32\CRYPTBASE.DLL
0x00007ff87aeb0000 - 0x00007ff87b112000 	C:\Program Files (x86)\Stardock\Fences\FencesMenu64.dll
0x00007ff8af860000 - 0x00007ff8af9fc000 	C:\WINDOWS\System32\ole32.dll
0x00007ff8ae430000 - 0x00007ff8ae458000 	C:\WINDOWS\SYSTEM32\USERENV.dll
0x00007ff8a81f0000 - 0x00007ff8a8204000 	C:\WINDOWS\SYSTEM32\WTSAPI32.dll
0x00007ff880570000 - 0x00007ff880729000 	C:\WINDOWS\WinSxS\amd64_microsoft.windows.gdiplus_6595b64144ccf1df_1.1.23451.1000_none_1bed98c9738cbe08\gdiplus.dll
0x00007ff8b1360000 - 0x00007ff8b1482000 	C:\WINDOWS\System32\MSCTF.dll
0x00007ff871790000 - 0x00007ff871955000 	C:\Users\Jamie\AppData\Local\Temp\lwjgl_Jamie\3.3.2+13\x64\OpenAL.dll
0x00007ff8b0590000 - 0x00007ff8b0640000 	C:\WINDOWS\System32\clbcatq.dll
0x00007ff89e470000 - 0x00007ff89e50d000 	C:\WINDOWS\System32\MMDevApi.dll
0x00007ff897460000 - 0x00007ff897645000 	C:\WINDOWS\SYSTEM32\AUDIOSES.DLL
0x00007ff8a7250000 - 0x00007ff8a7265000 	C:\WINDOWS\SYSTEM32\resourcepolicyclient.dll
0x00007ff8ae670000 - 0x00007ff8ae6bd000 	C:\WINDOWS\SYSTEM32\powrprof.dll
0x00007ff8ae650000 - 0x00007ff8ae663000 	C:\WINDOWS\SYSTEM32\UMPDC.dll
0x00007ff87e220000 - 0x00007ff87e320000 	C:\WINDOWS\SYSTEM32\opengl32.dll
0x00007ff87e1a0000 - 0x00007ff87e1cd000 	C:\WINDOWS\SYSTEM32\GLU32.dll
0x00007ff8ac460000 - 0x00007ff8ac496000 	C:\WINDOWS\SYSTEM32\dxcore.dll
0x00007ff8a4d70000 - 0x00007ff8a4ea4000 	C:\Windows\System32\AppXDeploymentClient.dll
0x00007ff846630000 - 0x00007ff84a287000 	C:\WINDOWS\System32\DriverStore\FileRepository\nvgbsi.inf_amd64_beb8902a0d57b906\nvoglv64.dll
0x00007ff8b0920000 - 0x00007ff8b0d94000 	C:\WINDOWS\System32\SETUPAPI.dll
0x00007ff8ae7b0000 - 0x00007ff8ae7d8000 	C:\WINDOWS\SYSTEM32\bcrypt.dll
0x00007ff8aeaa0000 - 0x00007ff8aeab2000 	C:\WINDOWS\SYSTEM32\msasn1.dll
0x00007ff8a9dc0000 - 0x00007ff8a9df2000 	C:\WINDOWS\SYSTEM32\cryptnet.dll
0x00007ff8aef40000 - 0x00007ff8af0a6000 	C:\WINDOWS\System32\CRYPT32.dll
0x00007ff8a4ab0000 - 0x00007ff8a4c08000 	C:\WINDOWS\SYSTEM32\drvstore.dll
0x00007ff8ae6c0000 - 0x00007ff8ae708000 	C:\WINDOWS\SYSTEM32\wldp.dll
0x00007ff8af650000 - 0x00007ff8af6bb000 	C:\WINDOWS\System32\WINTRUST.dll
0x00007ff8ade70000 - 0x00007ff8adea4000 	C:\WINDOWS\SYSTEM32\ntmarta.dll
0x00007ff88ef00000 - 0x00007ff88f1d1000 	C:\WINDOWS\system32\nvspcap64.dll
0x00007ff8ae120000 - 0x00007ff8ae186000 	C:\WINDOWS\SYSTEM32\WINSTA.dll
0x00007ff8a82c0000 - 0x00007ff8a837c000 	C:\WINDOWS\SYSTEM32\mscms.dll
0x00007ff88a8f0000 - 0x00007ff88a939000 	C:\WINDOWS\SYSTEM32\icm32.dll
0x00007ff8877d0000 - 0x00007ff88782e000 	C:\Users\Jamie\AppData\Local\Temp\lwjgl_Jamie\3.3.2+13\x64\lwjgl_opengl.dll
0x00007ff8a7b30000 - 0x00007ff8a7c77000 	C:\WINDOWS\SYSTEM32\textinputframework.dll
0x00007ff8a97c0000 - 0x00007ff8a9b2c000 	C:\WINDOWS\SYSTEM32\CoreUIComponents.dll
0x0000000062940000 - 0x0000000062d8e000 	C:\Users\Jamie\AppData\Local\Temp\libgdxJamie\24e58be8\gdx-bullet64.dll

dbghelp: loaded successfully - version: 4.0.5 - missing functions: none
symbol engine: initialized successfully - sym options: 0x614 - pdb path: .;C:\Program Files\Eclipse Adoptium\jdk-17.0.5.8-hotspot\bin;C:\WINDOWS\SYSTEM32;C:\WINDOWS\WinSxS\amd64_microsoft.windows.common-controls_6595b64144ccf1df_6.0.23451.1000_none_eb02a5e418fa443a;C:\Program Files\Eclipse Adoptium\jdk-17.0.5.8-hotspot\bin\server;C:\Users\Jamie\AppData\Local\Temp\libgdxJamie\e787ab0a;C:\Users\Jamie\AppData\Local\Temp\lwjgl_Jamie\3.3.2+13\x64;C:\Program Files (x86)\Stardock\Fences;C:\WINDOWS\WinSxS\amd64_microsoft.windows.gdiplus_6595b64144ccf1df_1.1.23451.1000_none_1bed98c9738cbe08;C:\WINDOWS\System32\DriverStore\FileRepository\nvgbsi.inf_amd64_beb8902a0d57b906;C:\Users\Jamie\AppData\Local\Temp\libgdxJamie\24e58be8

VM Arguments:
jvm_args: -Dfile.encoding=windows-1252 -Duser.country=US -Duser.language=en -Duser.variant 
java_command: app.Launcher
java_class_path (initial): C:\Users\Jamie\Desktop\3d-editor\build\classes\java\main;C:\Users\Jamie\Desktop\3d-editor\build\resources\main;C:\Users\Jamie\.gradle\caches\modules-2\files-2.1\com.badlogicgames.gdx\gdx-freetype\1.11.0\a3634ad2e6c56d251268d6ab5c0f66eee2841f2c\gdx-freetype-1.11.0.jar;C:\Users\Jamie\.gradle\caches\modules-2\files-2.1\com.badlogicgames.gdx\gdx-freetype-platform\1.11.0\420e2c2c206843a0d51010be28a141a1eb946235\gdx-freetype-platform-1.11.0-natives-desktop.jar;C:\Users\Jamie\.gradle\caches\modules-2\files-2.1\org.joml\joml-jdk8\1.10.1\ee949eb1b9ffb7c5b939086dac69abdca13ebe7f\joml-jdk8-1.10.1.jar;C:\Users\Jamie\.gradle\caches\modules-2\files-2.1\io.github.spair\imgui-java-lwjgl3\1.86.8\a75f7a16fb3c41cdc06ce904b7c428ac6cbe6449\imgui-java-lwjgl3-1.86.8.jar;C:\Users\Jamie\.gradle\caches\modules-2\files-2.1\org.lwjgl\lwjgl-meshoptimizer\3.3.2\ee363ad36776bd98f8cfd102b18c58666758638a\lwjgl-meshoptimizer-3.3.2.jar;C:\Users\Jamie\.gradle\caches\modules-2\files-2.1\com.github.crykn.guacamole\gdx-desktop\0.3.2\f2e37b4a429641c93d9ee76bd07f0e83ab693506\gdx-desktop-0.3.2.jar;C:\Users\Jamie\.gradle\caches\modules-2\files-2.1\com.badlogicgames.gdx\gdx-backend-lwjgl3\1.11.0\58a96db4cd349be4292d547856aa1e1c5f065f4e\gdx-backend-lwjgl3-1.11.0.jar;C:\Users\Jamie\.gradle\caches\modules-2\files-2.1\com.badlogicgames.gdx\gdx-bullet-platform\1.11.0\2c067b913a306ba26d482075297538ad91cdb88b\gdx-bullet-platform-1.11.0-natives-desktop.jar;C:\Users\Jamie\.gradle\caches\modules-2\files-2.1\com.badlogicgames.gdx\gdx-platform\1.11.0\697fb13eada6d3c6ca648c9788692b0159add126\gdx-platform-1.11.0-natives-desktop.jar;C:\Users\Jamie\.gradle\caches\modules-2\files-2.1\com.crashinvaders.lml\gdx-autumn-fcs\1.10.1.11.0\efe98b8942eb7fd29545abaad178b255ea08a157\gdx-autumn-fcs-1.10.1.11.0.jar;C:\Users\Jamie\.gradle\caches\modules-2\files-2.1\com.google.code.gson\gson\2.10\dd9b193aef96e973d5a11ab13cd17430c2e4306b\gson-2.10.jar;C:\Users\Jamie\.gradle\caches\modules-2\files-2.1\com.github.y
Launcher Type: SUN_STANDARD

[Global flags]
     intx CICompilerCount                          = 4                                         {product} {ergonomic}
     uint ConcGCThreads                            = 3                                         {product} {ergonomic}
     uint G1ConcRefinementThreads                  = 10                                        {product} {ergonomic}
   size_t G1HeapRegionSize                         = 2097152                                   {product} {ergonomic}
    uintx GCDrainStackTargetSize                   = 64                                        {product} {ergonomic}
   size_t InitialHeapSize                          = 266338304                                 {product} {ergonomic}
   size_t MarkStackSize                            = 4194304                                   {product} {ergonomic}
   size_t MaxHeapSize                              = 4259315712                                {product} {ergonomic}
   size_t MaxNewSize                               = 2554331136                                {product} {ergonomic}
   size_t MinHeapDeltaBytes                        = 2097152                                   {product} {ergonomic}
   size_t MinHeapSize                              = 8388608                                   {product} {ergonomic}
    uintx NonNMethodCodeHeapSize                   = 5839372                                {pd product} {ergonomic}
    uintx NonProfiledCodeHeapSize                  = 122909434                              {pd product} {ergonomic}
    uintx ProfiledCodeHeapSize                     = 122909434                              {pd product} {ergonomic}
    uintx ReservedCodeCacheSize                    = 251658240                              {pd product} {ergonomic}
     bool SegmentedCodeCache                       = true                                      {product} {ergonomic}
   size_t SoftMaxHeapSize                          = 4259315712                             {manageable} {ergonomic}
     bool UseCompressedClassPointers               = true                           {product lp64_product} {ergonomic}
     bool UseCompressedOops                        = true                           {product lp64_product} {ergonomic}
     bool UseG1GC                                  = true                                      {product} {ergonomic}
     bool UseLargePagesIndividualAllocation        = false                                  {pd product} {ergonomic}

Logging:
Log output configuration:
 #0: stdout all=warning uptime,level,tags
 #1: stderr all=off uptime,level,tags

Environment Variables:
JAVA_HOME=C:\Program Files\Eclipse Adoptium\jdk-17.0.5.8-hotspot\
PATH=C:\msys64;C:\Program Files\Eclipse Adoptium\jdk-17.0.5.8-hotspot\bin;C:\Program Files (x86)\Common Files\Oracle\Java\javapath;C:\Program Files\AdoptOpenJDK\jdk-11.0.11.9-hotspot\bin;C:\Windows\system32;C:\Windows;C:\Windows\System32\Wbem;C:\Windows\System32\WindowsPowerShell\v1.0\;C:\Windows\System32\OpenSSH\;C:\Program Files\NVIDIA Corporation\NVIDIA NvDLISR;C:\Program Files (x86)\NVIDIA Corporation\PhysX\Common;C:\Program Files\dotnet\;C:\Users\joe\Documents\JavaDevelopment\jdk-16.0.1\bin;C:\WINDOWS\system32;C:\WINDOWS;C:\WINDOWS\System32\Wbem;C:\WINDOWS\System32\WindowsPowerShell\v1.0\;C:\WINDOWS\System32\OpenSSH\;C:\Program Files\PuTTY\;C:\ProgramData\chocolatey\bin;C:\Program Files\Git\cmd;C:\Users\Jamie\AppData\Local\Programs\Python\Python39;C:\Users\Jamie\AppData\Local\Programs\Python\Python39\Scripts;C:\Program Files\f3d\bin;C:\dev\lib\apache-ant-1.10.12\bin;C:\dev\lib\apache-ant-1.10.12\lib;C:\dev\lib\processing-3.5.4;C:\dev\lib\processing-3.5.4\lib;C:\Program Files\TortoiseSVN\bin;C:\dev\lib\COLLADA2GLTF-v2.1.5-windows-Release-x64;C:\dev\lib\COLLADA2GLTF-v2.1.5-windows-Release-x64\COLLADA2GLTF-bin.exe;;C:\Program Files\Mullvad VPN\resources;C:\Program Files\CMake\bin;C:\Program Files\Microsoft SQL Server\150\Tools\Binn\;C:\msys64;C:\Users\Jamie\.jdks\corretto-1.8.0_362\bin;C:\Program Files\Eclipse Adoptium\jdk-17.0.5.8-hotspot\bin;C:\Program Files (x86)\Java\jre1.8.0_361\bin;C:\Users\Jamie\AppData\Local\Microsoft\WindowsApps;C:\Users\Jamie\AppData\Local\JetBrains\Toolbox\scripts;C:\Users\Jamie\AppData\Local\Programs\Python\Python39;C:\Users\Jamie\AppData\Local\Programs\Python\Python39\Scripts;C:\Users\Jamie\AppData\Local\Programs\Microsoft VS Code\bin;C:\Panda3D-1.10.12-x64\python;C:\Panda3D-1.10.12-x64\python\Scripts;C:\Panda3D-1.10.12-x64\bin;C:\dev\lib\apache-ant-1.10.12\bin;C:\Users\Jamie\AppData\Local\GitHubDesktop\bin;C:\Users\Jamie\.dotnet\tools;C:\Users\Jamie\AppData\Local\Microsoft\WindowsApps;
USERNAME=Jamie
OS=Windows_NT
PROCESSOR_IDENTIFIER=Intel64 Family 6 Model 158 Stepping 10, GenuineIntel
TMP=C:\Users\Jamie\AppData\Local\Temp
TEMP=C:\Users\Jamie\AppData\Local\Temp



---------------  S Y S T E M  ---------------

OS:
 Windows 11 , 64 bit Build 23451 (10.0.23451.1000)
OS uptime: 15 days 3:03 hours

CPU: total 12 (initial active 12) (6 cores per cpu, 2 threads per core) family 6 model 158 stepping 10 microcode 0xf0, cx8, cmov, fxsr, ht, mmx, 3dnowpref, sse, sse2, sse3, ssse3, sse4.1, sse4.2, popcnt, lzcnt, tsc, tscinvbit, avx, avx2, aes, erms, clmul, bmi1, bmi2, adx, fma, vzeroupper, clflush, clflushopt

Memory: 4k page, system-wide physical 16245M (3870M free)
TotalPageFile size 26989M (AvailPageFile size 4569M)
current process WorkingSet (physical memory assigned to process): 432M, peak: 457M
current process commit charge ("private bytes"): 906M, peak: 936M

vm_info: OpenJDK 64-Bit Server VM (17.0.5+8) for windows-amd64 JRE (17.0.5+8), built on Oct 19 2022 04:48:13 by "temurin" with MS VC++ 16.7 (VS2019)

END.
